{"/home/travis/build/npmtest/node-npmtest-gulp-inject/test.js":{"path":"/home/travis/build/npmtest/node-npmtest-gulp-inject/test.js","s":{"1":2,"2":2,"3":2,"4":2,"5":2,"6":2,"7":2,"8":1,"9":2,"10":2,"11":1,"12":1,"13":1,"14":1,"15":2,"16":2,"17":2,"18":2,"19":1,"20":1,"21":2,"22":2,"23":2,"24":1,"25":1,"26":1,"27":1,"28":1,"29":1,"30":1,"31":1,"32":1,"33":1,"34":1,"35":1,"36":2,"37":2,"38":1,"39":2,"40":2,"41":1,"42":2,"43":2,"44":1,"45":1,"46":1,"47":1,"48":1},"b":{"1":[2,1,1,1],"2":[1,1,1,1],"3":[1,1],"4":[1,1],"5":[1,1],"6":[1,1],"7":[1,1],"8":[1,1],"9":[1,1,1],"10":[1,1],"11":[1,1],"12":[1,1],"13":[1,1],"14":[1,1],"15":[1,1]},"f":{"1":2,"2":2,"3":2,"4":2,"5":2,"6":1,"7":1,"8":2,"9":2,"10":2,"11":1},"fnMap":{"1":{"name":"(anonymous_1)","line":12,"loc":{"start":{"line":12,"column":1},"end":{"line":12,"column":13}}},"2":{"name":"(anonymous_2)","line":19,"loc":{"start":{"line":19,"column":5},"end":{"line":19,"column":17}}},"3":{"name":"(anonymous_3)","line":23,"loc":{"start":{"line":23,"column":24},"end":{"line":23,"column":36}}},"4":{"name":"(anonymous_4)","line":61,"loc":{"start":{"line":61,"column":5},"end":{"line":61,"column":17}}},"5":{"name":"(anonymous_5)","line":82,"loc":{"start":{"line":82,"column":5},"end":{"line":82,"column":17}}},"6":{"name":"(anonymous_6)","line":102,"loc":{"start":{"line":102,"column":83},"end":{"line":105,"column":10}},"skip":true},"7":{"name":"(anonymous_7)","line":113,"loc":{"start":{"line":113,"column":77},"end":{"line":116,"column":10}},"skip":true},"8":{"name":"(anonymous_8)","line":127,"loc":{"start":{"line":127,"column":77},"end":{"line":130,"column":10}},"skip":true},"9":{"name":"(anonymous_9)","line":138,"loc":{"start":{"line":138,"column":83},"end":{"line":141,"column":10}},"skip":true},"10":{"name":"(anonymous_10)","line":149,"loc":{"start":{"line":149,"column":79},"end":{"line":152,"column":10}},"skip":true},"11":{"name":"(anonymous_11)","line":160,"loc":{"start":{"line":160,"column":75},"end":{"line":163,"column":10}},"skip":true}},"statementMap":{"1":{"start":{"line":12,"column":0},"end":{"line":175,"column":5}},"2":{"start":{"line":14,"column":4},"end":{"line":14,"column":14}},"3":{"start":{"line":19,"column":4},"end":{"line":56,"column":9}},"4":{"start":{"line":21,"column":8},"end":{"line":21,"column":19}},"5":{"start":{"line":23,"column":8},"end":{"line":35,"column":13}},"6":{"start":{"line":24,"column":12},"end":{"line":34,"column":13}},"7":{"start":{"line":25,"column":16},"end":{"line":28,"column":30}},"8":{"start":{"line":30,"column":16},"end":{"line":33,"column":27}},"9":{"start":{"line":37,"column":8},"end":{"line":39,"column":21}},"10":{"start":{"line":40,"column":8},"end":{"line":53,"column":9}},"11":{"start":{"line":43,"column":12},"end":{"line":46,"column":14}},"12":{"start":{"line":47,"column":12},"end":{"line":47,"column":18}},"13":{"start":{"line":50,"column":12},"end":{"line":51,"column":46}},"14":{"start":{"line":52,"column":12},"end":{"line":52,"column":18}},"15":{"start":{"line":55,"column":8},"end":{"line":55,"column":35}},"16":{"start":{"line":61,"column":4},"end":{"line":63,"column":9}},"17":{"start":{"line":62,"column":8},"end":{"line":62,"column":15}},"18":{"start":{"line":64,"column":4},"end":{"line":77,"column":5}},"19":{"start":{"line":70,"column":8},"end":{"line":70,"column":14}},"20":{"start":{"line":76,"column":8},"end":{"line":76,"column":14}},"21":{"start":{"line":82,"column":4},"end":{"line":84,"column":9}},"22":{"start":{"line":83,"column":8},"end":{"line":83,"column":15}},"23":{"start":{"line":85,"column":4},"end":{"line":174,"column":5}},"24":{"start":{"line":92,"column":8},"end":{"line":94,"column":63}},"25":{"start":{"line":95,"column":8},"end":{"line":95,"column":14}},"26":{"start":{"line":102,"column":8},"end":{"line":111,"column":10},"skip":true},"27":{"start":{"line":109,"column":12},"end":{"line":109,"column":55},"skip":true},"28":{"start":{"line":110,"column":12},"end":{"line":110,"column":48},"skip":true},"29":{"start":{"line":113,"column":8},"end":{"line":125,"column":10},"skip":true},"30":{"start":{"line":120,"column":12},"end":{"line":120,"column":76},"skip":true},"31":{"start":{"line":121,"column":12},"end":{"line":121,"column":73},"skip":true},"32":{"start":{"line":122,"column":12},"end":{"line":122,"column":74},"skip":true},"33":{"start":{"line":123,"column":12},"end":{"line":123,"column":25},"skip":true},"34":{"start":{"line":124,"column":12},"end":{"line":124,"column":45},"skip":true},"35":{"start":{"line":127,"column":8},"end":{"line":136,"column":10},"skip":true},"36":{"start":{"line":134,"column":12},"end":{"line":134,"column":25},"skip":true},"37":{"start":{"line":135,"column":12},"end":{"line":135,"column":45},"skip":true},"38":{"start":{"line":138,"column":8},"end":{"line":147,"column":10},"skip":true},"39":{"start":{"line":145,"column":12},"end":{"line":145,"column":25},"skip":true},"40":{"start":{"line":146,"column":12},"end":{"line":146,"column":48},"skip":true},"41":{"start":{"line":149,"column":8},"end":{"line":158,"column":10},"skip":true},"42":{"start":{"line":156,"column":12},"end":{"line":156,"column":25},"skip":true},"43":{"start":{"line":157,"column":12},"end":{"line":157,"column":46},"skip":true},"44":{"start":{"line":160,"column":8},"end":{"line":169,"column":10},"skip":true},"45":{"start":{"line":167,"column":12},"end":{"line":167,"column":94},"skip":true},"46":{"start":{"line":168,"column":12},"end":{"line":168,"column":48},"skip":true},"47":{"start":{"line":172,"column":8},"end":{"line":172,"column":35},"skip":true},"48":{"start":{"line":173,"column":8},"end":{"line":173,"column":14},"skip":true}},"branchMap":{"1":{"line":25,"type":"binary-expr","locations":[{"start":{"line":25,"column":23},"end":{"line":25,"column":62}},{"start":{"line":26,"column":20},"end":{"line":26,"column":70}},{"start":{"line":27,"column":20},"end":{"line":27,"column":71}},{"start":{"line":28,"column":20},"end":{"line":28,"column":29}}]},"2":{"line":30,"type":"binary-expr","locations":[{"start":{"line":30,"column":23},"end":{"line":30,"column":37}},{"start":{"line":31,"column":20},"end":{"line":31,"column":61}},{"start":{"line":32,"column":20},"end":{"line":32,"column":70}},{"start":{"line":33,"column":20},"end":{"line":33,"column":26}}]},"3":{"line":37,"type":"cond-expr","locations":[{"start":{"line":38,"column":14},"end":{"line":38,"column":20}},{"start":{"line":39,"column":14},"end":{"line":39,"column":20}}]},"4":{"line":40,"type":"switch","locations":[{"start":{"line":42,"column":8},"end":{"line":47,"column":18}},{"start":{"line":49,"column":8},"end":{"line":52,"column":18}}]},"5":{"line":44,"type":"binary-expr","locations":[{"start":{"line":44,"column":16},"end":{"line":44,"column":44}},{"start":{"line":44,"column":48},"end":{"line":44,"column":66}}]},"6":{"line":50,"type":"binary-expr","locations":[{"start":{"line":50,"column":21},"end":{"line":50,"column":49}},{"start":{"line":50,"column":53},"end":{"line":50,"column":72}}]},"7":{"line":64,"type":"switch","locations":[{"start":{"line":69,"column":4},"end":{"line":70,"column":14}},{"start":{"line":75,"column":4},"end":{"line":76,"column":14}}]},"8":{"line":85,"type":"switch","locations":[{"start":{"line":90,"column":4},"end":{"line":95,"column":14}},{"start":{"line":101,"column":4},"end":{"line":173,"column":14},"skip":true}]},"9":{"line":92,"type":"binary-expr","locations":[{"start":{"line":92,"column":18},"end":{"line":92,"column":32}},{"start":{"line":93,"column":12},"end":{"line":93,"column":53}},{"start":{"line":94,"column":12},"end":{"line":94,"column":61}}]},"10":{"line":102,"type":"binary-expr","locations":[{"start":{"line":102,"column":45},"end":{"line":102,"column":79},"skip":true},{"start":{"line":102,"column":83},"end":{"line":111,"column":9},"skip":true}]},"11":{"line":113,"type":"binary-expr","locations":[{"start":{"line":113,"column":42},"end":{"line":113,"column":73},"skip":true},{"start":{"line":113,"column":77},"end":{"line":125,"column":9},"skip":true}]},"12":{"line":127,"type":"binary-expr","locations":[{"start":{"line":127,"column":42},"end":{"line":127,"column":73},"skip":true},{"start":{"line":127,"column":77},"end":{"line":136,"column":9},"skip":true}]},"13":{"line":138,"type":"binary-expr","locations":[{"start":{"line":138,"column":45},"end":{"line":138,"column":79},"skip":true},{"start":{"line":138,"column":83},"end":{"line":147,"column":9},"skip":true}]},"14":{"line":149,"type":"binary-expr","locations":[{"start":{"line":149,"column":43},"end":{"line":149,"column":75},"skip":true},{"start":{"line":149,"column":79},"end":{"line":158,"column":9},"skip":true}]},"15":{"line":160,"type":"binary-expr","locations":[{"start":{"line":160,"column":41},"end":{"line":160,"column":71},"skip":true},{"start":{"line":160,"column":75},"end":{"line":169,"column":9},"skip":true}]}},"code":["/* istanbul instrument in package npmtest_gulp_inject */","/*jslint","    bitwise: true,","    browser: true,","    maxerr: 8,","    maxlen: 96,","    node: true,","    nomen: true,","    regexp: true,","    stupid: true","*/","(function () {","    'use strict';","    var local;","","","","    // run shared js-env code - pre-init","    (function () {","        // init local","        local = {};","        // init modeJs","        local.modeJs = (function () {","            try {","                return typeof navigator.userAgent === 'string' &&","                    typeof document.querySelector('body') === 'object' &&","                    typeof XMLHttpRequest.prototype.open === 'function' &&","                    'browser';","            } catch (errorCaughtBrowser) {","                return module.exports &&","                    typeof process.versions.node === 'string' &&","                    typeof require('http').createServer === 'function' &&","                    'node';","            }","        }());","        // init global","        local.global = local.modeJs === 'browser'","            ? window","            : global;","        switch (local.modeJs) {","        // re-init local from window.local","        case 'browser':","            local = local.global.utility2.objectSetDefault(","                local.global.utility2_rollup || local.global.local,","                local.global.utility2","            );","            break;","        // re-init local from example.js","        case 'node':","            local = (local.global.utility2_rollup || require('utility2'))","                .requireExampleJsFromReadme();","            break;","        }","        // export local","        local.global.local = local;","    }());","","","","    // run shared js-env code - function","    (function () {","        return;","    }());","    switch (local.modeJs) {","","","","    // run browser js-env code - function","    case 'browser':","        break;","","","","    // run node js-env code - function","    case 'node':","        break;","    }","","","","    // run shared js-env code - post-init","    (function () {","        return;","    }());","    switch (local.modeJs) {","","","","    // run browser js-env code - post-init","    case 'browser':","        // run tests","        local.nop(local.modeTest &&","            document.querySelector('#testRunButton1') &&","            document.querySelector('#testRunButton1').click());","        break;","","","","    // run node js-env code - post-init","    /* istanbul ignore next */","    case 'node':","        local.testCase_buildApidoc_default = local.testCase_buildApidoc_default || function (","            options,","            onError","        ) {","        /*","         * this function will test buildApidoc's default handling-behavior-behavior","         */","            options = { modulePathList: module.paths };","            local.buildApidoc(options, onError);","        };","","        local.testCase_buildApp_default = local.testCase_buildApp_default || function (","            options,","            onError","        ) {","        /*","         * this function will test buildApp's default handling-behavior-behavior","         */","            local.testCase_buildReadme_default(options, local.onErrorThrow);","            local.testCase_buildLib_default(options, local.onErrorThrow);","            local.testCase_buildTest_default(options, local.onErrorThrow);","            options = [];","            local.buildApp(options, onError);","        };","","        local.testCase_buildLib_default = local.testCase_buildLib_default || function (","            options,","            onError","        ) {","        /*","         * this function will test buildLib's default handling-behavior","         */","            options = {};","            local.buildLib(options, onError);","        };","","        local.testCase_buildReadme_default = local.testCase_buildReadme_default || function (","            options,","            onError","        ) {","        /*","         * this function will test buildReadme's default handling-behavior-behavior","         */","            options = {};","            local.buildReadme(options, onError);","        };","","        local.testCase_buildTest_default = local.testCase_buildTest_default || function (","            options,","            onError","        ) {","        /*","         * this function will test buildTest's default handling-behavior","         */","            options = {};","            local.buildTest(options, onError);","        };","","        local.testCase_webpage_default = local.testCase_webpage_default || function (","            options,","            onError","        ) {","        /*","         * this function will test webpage's default handling-behavior","         */","            options = { modeCoverageMerge: true, url: local.serverLocalHost + '?modeTest=1' };","            local.browserTest(options, onError);","        };","","        // run test-server","        local.testRunServer(local);","        break;","    }","}());",""],"l":{"12":2,"14":2,"19":2,"21":2,"23":2,"24":2,"25":2,"30":1,"37":2,"40":2,"43":1,"47":1,"50":1,"52":1,"55":2,"61":2,"62":2,"64":2,"70":1,"76":1,"82":2,"83":2,"85":2,"92":1,"95":1,"102":1,"109":1,"110":1,"113":1,"120":1,"121":1,"122":1,"123":1,"124":1,"127":1,"134":2,"135":2,"138":1,"145":2,"146":2,"149":1,"156":2,"157":2,"160":1,"167":1,"168":1,"172":1,"173":1}},"/home/travis/build/npmtest/node-npmtest-gulp-inject/lib.npmtest_gulp_inject.js":{"path":"/home/travis/build/npmtest/node-npmtest-gulp-inject/lib.npmtest_gulp_inject.js","s":{"1":2,"2":2,"3":2,"4":2,"5":2,"6":2,"7":2,"8":1,"9":2,"10":2,"11":2,"12":2,"13":1,"14":1,"15":1,"16":1},"b":{"1":[2,1,1,1],"2":[1,1,1,1],"3":[1,1],"4":[2,2],"5":[1,1]},"f":{"1":2,"2":2,"3":2},"fnMap":{"1":{"name":"(anonymous_1)","line":12,"loc":{"start":{"line":12,"column":1},"end":{"line":12,"column":13}}},"2":{"name":"(anonymous_2)","line":19,"loc":{"start":{"line":19,"column":5},"end":{"line":19,"column":17}}},"3":{"name":"(anonymous_3)","line":23,"loc":{"start":{"line":23,"column":24},"end":{"line":23,"column":36}}}},"statementMap":{"1":{"start":{"line":12,"column":0},"end":{"line":53,"column":5}},"2":{"start":{"line":14,"column":4},"end":{"line":14,"column":14}},"3":{"start":{"line":19,"column":4},"end":{"line":52,"column":9}},"4":{"start":{"line":21,"column":8},"end":{"line":21,"column":19}},"5":{"start":{"line":23,"column":8},"end":{"line":35,"column":13}},"6":{"start":{"line":24,"column":12},"end":{"line":34,"column":13}},"7":{"start":{"line":25,"column":16},"end":{"line":28,"column":30}},"8":{"start":{"line":30,"column":16},"end":{"line":33,"column":27}},"9":{"start":{"line":37,"column":8},"end":{"line":39,"column":21}},"10":{"start":{"line":41,"column":8},"end":{"line":41,"column":54}},"11":{"start":{"line":43,"column":8},"end":{"line":43,"column":56}},"12":{"start":{"line":45,"column":8},"end":{"line":51,"column":9}},"13":{"start":{"line":46,"column":12},"end":{"line":46,"column":62}},"14":{"start":{"line":48,"column":12},"end":{"line":48,"column":35}},"15":{"start":{"line":49,"column":12},"end":{"line":49,"column":49}},"16":{"start":{"line":50,"column":12},"end":{"line":50,"column":43}}},"branchMap":{"1":{"line":25,"type":"binary-expr","locations":[{"start":{"line":25,"column":23},"end":{"line":25,"column":62}},{"start":{"line":26,"column":20},"end":{"line":26,"column":70}},{"start":{"line":27,"column":20},"end":{"line":27,"column":71}},{"start":{"line":28,"column":20},"end":{"line":28,"column":29}}]},"2":{"line":30,"type":"binary-expr","locations":[{"start":{"line":30,"column":23},"end":{"line":30,"column":37}},{"start":{"line":31,"column":20},"end":{"line":31,"column":61}},{"start":{"line":32,"column":20},"end":{"line":32,"column":70}},{"start":{"line":33,"column":20},"end":{"line":33,"column":26}}]},"3":{"line":37,"type":"cond-expr","locations":[{"start":{"line":38,"column":14},"end":{"line":38,"column":20}},{"start":{"line":39,"column":14},"end":{"line":39,"column":20}}]},"4":{"line":41,"type":"binary-expr","locations":[{"start":{"line":41,"column":16},"end":{"line":41,"column":44}},{"start":{"line":41,"column":48},"end":{"line":41,"column":53}}]},"5":{"line":45,"type":"if","locations":[{"start":{"line":45,"column":8},"end":{"line":45,"column":8}},{"start":{"line":45,"column":8},"end":{"line":45,"column":8}}]}},"code":["/* istanbul instrument in package npmtest_gulp_inject */","/*jslint","    bitwise: true,","    browser: true,","    maxerr: 8,","    maxlen: 96,","    node: true,","    nomen: true,","    regexp: true,","    stupid: true","*/","(function () {","    'use strict';","    var local;","","","","    // run shared js-env code - pre-init","    (function () {","        // init local","        local = {};","        // init modeJs","        local.modeJs = (function () {","            try {","                return typeof navigator.userAgent === 'string' &&","                    typeof document.querySelector('body') === 'object' &&","                    typeof XMLHttpRequest.prototype.open === 'function' &&","                    'browser';","            } catch (errorCaughtBrowser) {","                return module.exports &&","                    typeof process.versions.node === 'string' &&","                    typeof require('http').createServer === 'function' &&","                    'node';","            }","        }());","        // init global","        local.global = local.modeJs === 'browser'","            ? window","            : global;","        // init utility2_rollup","        local = local.global.utility2_rollup || local;","        // init lib","        local.local = local.npmtest_gulp_inject = local;","        // init exports","        if (local.modeJs === 'browser') {","            local.global.utility2_npmtest_gulp_inject = local;","        } else {","            module.exports = local;","            module.exports.__dirname = __dirname;","            module.exports.module = module;","        }","    }());","}());",""],"l":{"12":2,"14":2,"19":2,"21":2,"23":2,"24":2,"25":2,"30":1,"37":2,"41":2,"43":2,"45":2,"46":1,"48":1,"49":1,"50":1}},"/home/travis/build/npmtest/node-npmtest-gulp-inject/example.js":{"path":"/home/travis/build/npmtest/node-npmtest-gulp-inject/example.js","s":{"1":2,"2":2,"3":2,"4":2,"5":2,"6":2,"7":2,"8":1,"9":2,"10":2,"11":2,"12":2,"13":1,"14":2,"15":2,"16":2,"17":2,"18":2,"19":0,"20":2,"21":1,"22":1,"23":1,"24":1,"25":1,"26":0,"27":0,"28":1,"29":1,"30":2,"31":0,"32":0,"33":0,"34":1,"35":2,"36":2,"37":2,"38":2,"39":2,"40":2,"41":0,"42":2,"43":2,"44":2,"45":1,"46":3,"47":1,"48":1,"49":1,"50":1,"51":1,"52":1,"53":1,"54":1,"55":1,"56":1,"57":0,"58":1,"59":6,"60":6,"61":1,"62":2,"63":0,"64":2,"65":1,"66":1,"67":0,"68":0,"69":0,"70":0,"71":0,"72":0,"73":0,"74":0,"75":0,"76":0,"77":0,"78":0,"79":0,"80":0,"81":0,"82":0,"83":0},"b":{"1":[2,1,1,1],"2":[1,1,1,1],"3":[1,1],"4":[2,2],"5":[1,1],"6":[1,1],"7":[2,0],"8":[2,1,1,1,1,1],"9":[0,2,0],"10":[1,1],"11":[2,1,1],"12":[1,0],"13":[0,2],"14":[2,0,0,0,0,0,0],"15":[0,2],"16":[2,0],"17":[1,1],"18":[0,1],"19":[1,2,0,2],"20":[1,0],"21":[1,1],"22":[0,0],"23":[0,0],"24":[0,0],"25":[0,0],"26":[0,0],"27":[0,0],"28":[0,0]},"f":{"1":2,"2":2,"3":2,"4":2,"5":2,"6":2,"7":2,"8":2,"9":3,"10":1,"11":6,"12":0},"fnMap":{"1":{"name":"(anonymous_1)","line":26,"loc":{"start":{"line":26,"column":1},"end":{"line":26,"column":13}}},"2":{"name":"(anonymous_2)","line":33,"loc":{"start":{"line":33,"column":5},"end":{"line":33,"column":17}}},"3":{"name":"(anonymous_3)","line":37,"loc":{"start":{"line":37,"column":24},"end":{"line":37,"column":36}}},"4":{"name":"(anonymous_4)","line":69,"loc":{"start":{"line":69,"column":31},"end":{"line":69,"column":48}},"skip":true},"5":{"name":"(anonymous_5)","line":78,"loc":{"start":{"line":78,"column":26},"end":{"line":78,"column":45}},"skip":true},"6":{"name":"(anonymous_6)","line":123,"loc":{"start":{"line":123,"column":33},"end":{"line":123,"column":48}},"skip":true},"7":{"name":"(anonymous_7)","line":125,"loc":{"start":{"line":125,"column":27},"end":{"line":125,"column":39}},"skip":true},"8":{"name":"(anonymous_8)","line":133,"loc":{"start":{"line":133,"column":59},"end":{"line":133,"column":74}},"skip":true},"9":{"name":"(anonymous_9)","line":143,"loc":{"start":{"line":143,"column":45},"end":{"line":143,"column":62}},"skip":true},"10":{"name":"(anonymous_10)","line":144,"loc":{"start":{"line":144,"column":73},"end":{"line":144,"column":92}},"skip":true},"11":{"name":"(anonymous_11)","line":272,"loc":{"start":{"line":272,"column":51},"end":{"line":272,"column":77}},"skip":true},"12":{"name":"(anonymous_12)","line":314,"loc":{"start":{"line":314,"column":32},"end":{"line":314,"column":61}},"skip":true}},"statementMap":{"1":{"start":{"line":26,"column":0},"end":{"line":325,"column":5}},"2":{"start":{"line":28,"column":4},"end":{"line":28,"column":14}},"3":{"start":{"line":33,"column":4},"end":{"line":60,"column":9}},"4":{"start":{"line":35,"column":8},"end":{"line":35,"column":19}},"5":{"start":{"line":37,"column":8},"end":{"line":49,"column":13}},"6":{"start":{"line":38,"column":12},"end":{"line":48,"column":13}},"7":{"start":{"line":39,"column":16},"end":{"line":42,"column":30}},"8":{"start":{"line":44,"column":16},"end":{"line":47,"column":27}},"9":{"start":{"line":51,"column":8},"end":{"line":53,"column":21}},"10":{"start":{"line":55,"column":8},"end":{"line":57,"column":45}},"11":{"start":{"line":59,"column":8},"end":{"line":59,"column":35}},"12":{"start":{"line":61,"column":4},"end":{"line":324,"column":5}},"13":{"start":{"line":69,"column":8},"end":{"line":121,"column":10},"skip":true},"14":{"start":{"line":70,"column":12},"end":{"line":88,"column":13},"skip":true},"15":{"start":{"line":76,"column":16},"end":{"line":87,"column":19},"skip":true},"16":{"start":{"line":79,"column":20},"end":{"line":86,"column":21},"skip":true},"17":{"start":{"line":82,"column":24},"end":{"line":82,"column":43},"skip":true},"18":{"start":{"line":83,"column":24},"end":{"line":83,"column":30},"skip":true},"19":{"start":{"line":85,"column":24},"end":{"line":85,"column":49},"skip":true},"20":{"start":{"line":89,"column":12},"end":{"line":107,"column":13},"skip":true},"21":{"start":{"line":92,"column":16},"end":{"line":102,"column":17},"skip":true},"22":{"start":{"line":93,"column":20},"end":{"line":93,"column":86},"skip":true},"23":{"start":{"line":94,"column":20},"end":{"line":95,"column":45},"skip":true},"24":{"start":{"line":96,"column":20},"end":{"line":96,"column":42},"skip":true},"25":{"start":{"line":97,"column":20},"end":{"line":97,"column":48},"skip":true},"26":{"start":{"line":100,"column":20},"end":{"line":100,"column":85},"skip":true},"27":{"start":{"line":101,"column":20},"end":{"line":101,"column":96},"skip":true},"28":{"start":{"line":103,"column":16},"end":{"line":103,"column":22},"skip":true},"29":{"start":{"line":106,"column":16},"end":{"line":106,"column":22},"skip":true},"30":{"start":{"line":108,"column":12},"end":{"line":120,"column":13},"skip":true},"31":{"start":{"line":114,"column":16},"end":{"line":119,"column":17},"skip":true},"32":{"start":{"line":116,"column":20},"end":{"line":116,"column":78},"skip":true},"33":{"start":{"line":118,"column":20},"end":{"line":118,"column":53},"skip":true},"34":{"start":{"line":123,"column":8},"end":{"line":141,"column":11},"skip":true},"35":{"start":{"line":124,"column":12},"end":{"line":124,"column":54},"skip":true},"36":{"start":{"line":125,"column":12},"end":{"line":140,"column":14},"skip":true},"37":{"start":{"line":126,"column":16},"end":{"line":126,"column":28},"skip":true},"38":{"start":{"line":127,"column":16},"end":{"line":127,"column":69},"skip":true},"39":{"start":{"line":128,"column":16},"end":{"line":128,"column":75},"skip":true},"40":{"start":{"line":129,"column":16},"end":{"line":131,"column":17},"skip":true},"41":{"start":{"line":130,"column":20},"end":{"line":130,"column":27},"skip":true},"42":{"start":{"line":133,"column":16},"end":{"line":137,"column":36},"skip":true},"43":{"start":{"line":134,"column":20},"end":{"line":136,"column":55},"skip":true},"44":{"start":{"line":139,"column":16},"end":{"line":139,"column":57},"skip":true},"45":{"start":{"line":143,"column":8},"end":{"line":147,"column":11},"skip":true},"46":{"start":{"line":144,"column":12},"end":{"line":146,"column":15},"skip":true},"47":{"start":{"line":145,"column":16},"end":{"line":145,"column":70},"skip":true},"48":{"start":{"line":149,"column":8},"end":{"line":149,"column":31},"skip":true},"49":{"start":{"line":150,"column":8},"end":{"line":150,"column":14},"skip":true},"50":{"start":{"line":158,"column":8},"end":{"line":158,"column":31},"skip":true},"51":{"start":{"line":160,"column":8},"end":{"line":160,"column":33},"skip":true},"52":{"start":{"line":161,"column":8},"end":{"line":161,"column":37},"skip":true},"53":{"start":{"line":162,"column":8},"end":{"line":162,"column":35},"skip":true},"54":{"start":{"line":164,"column":8},"end":{"line":164,"column":50},"skip":true},"55":{"start":{"line":166,"column":8},"end":{"line":256,"column":2},"skip":true},"56":{"start":{"line":258,"column":8},"end":{"line":286,"column":9},"skip":true},"57":{"start":{"line":259,"column":12},"end":{"line":269,"column":14},"skip":true},"58":{"start":{"line":271,"column":12},"end":{"line":285,"column":19},"skip":true},"59":{"start":{"line":274,"column":20},"end":{"line":274,"column":35},"skip":true},"60":{"start":{"line":275,"column":20},"end":{"line":284,"column":21},"skip":true},"61":{"start":{"line":277,"column":24},"end":{"line":277,"column":64},"skip":true},"62":{"start":{"line":279,"column":24},"end":{"line":279,"column":40},"skip":true},"63":{"start":{"line":281,"column":24},"end":{"line":281,"column":40},"skip":true},"64":{"start":{"line":283,"column":24},"end":{"line":283,"column":39},"skip":true},"65":{"start":{"line":288,"column":8},"end":{"line":290,"column":9},"skip":true},"66":{"start":{"line":289,"column":12},"end":{"line":289,"column":18},"skip":true},"67":{"start":{"line":291,"column":8},"end":{"line":293,"column":54},"skip":true},"68":{"start":{"line":294,"column":8},"end":{"line":301,"column":37},"skip":true},"69":{"start":{"line":302,"column":8},"end":{"line":302,"column":82},"skip":true},"70":{"start":{"line":305,"column":8},"end":{"line":307,"column":9},"skip":true},"71":{"start":{"line":306,"column":12},"end":{"line":306,"column":82},"skip":true},"72":{"start":{"line":309,"column":8},"end":{"line":311,"column":9},"skip":true},"73":{"start":{"line":310,"column":12},"end":{"line":310,"column":18},"skip":true},"74":{"start":{"line":312,"column":8},"end":{"line":312,"column":54},"skip":true},"75":{"start":{"line":313,"column":8},"end":{"line":313,"column":69},"skip":true},"76":{"start":{"line":314,"column":8},"end":{"line":322,"column":36},"skip":true},"77":{"start":{"line":315,"column":12},"end":{"line":315,"column":61},"skip":true},"78":{"start":{"line":316,"column":12},"end":{"line":319,"column":13},"skip":true},"79":{"start":{"line":317,"column":16},"end":{"line":317,"column":75},"skip":true},"80":{"start":{"line":318,"column":16},"end":{"line":318,"column":23},"skip":true},"81":{"start":{"line":320,"column":12},"end":{"line":320,"column":38},"skip":true},"82":{"start":{"line":321,"column":12},"end":{"line":321,"column":27},"skip":true},"83":{"start":{"line":323,"column":8},"end":{"line":323,"column":14},"skip":true}},"branchMap":{"1":{"line":39,"type":"binary-expr","locations":[{"start":{"line":39,"column":23},"end":{"line":39,"column":62}},{"start":{"line":40,"column":20},"end":{"line":40,"column":70}},{"start":{"line":41,"column":20},"end":{"line":41,"column":71}},{"start":{"line":42,"column":20},"end":{"line":42,"column":29}}]},"2":{"line":44,"type":"binary-expr","locations":[{"start":{"line":44,"column":23},"end":{"line":44,"column":37}},{"start":{"line":45,"column":20},"end":{"line":45,"column":61}},{"start":{"line":46,"column":20},"end":{"line":46,"column":70}},{"start":{"line":47,"column":20},"end":{"line":47,"column":26}}]},"3":{"line":51,"type":"cond-expr","locations":[{"start":{"line":52,"column":14},"end":{"line":52,"column":20}},{"start":{"line":53,"column":14},"end":{"line":53,"column":20}}]},"4":{"line":55,"type":"binary-expr","locations":[{"start":{"line":55,"column":16},"end":{"line":55,"column":44}},{"start":{"line":55,"column":49},"end":{"line":57,"column":43}}]},"5":{"line":55,"type":"cond-expr","locations":[{"start":{"line":56,"column":14},"end":{"line":56,"column":55}},{"start":{"line":57,"column":14},"end":{"line":57,"column":43}}]},"6":{"line":61,"type":"switch","locations":[{"start":{"line":68,"column":4},"end":{"line":150,"column":14},"skip":true},{"start":{"line":156,"column":4},"end":{"line":323,"column":14},"skip":true}]},"7":{"line":70,"type":"if","locations":[{"start":{"line":70,"column":12},"end":{"line":70,"column":12},"skip":true},{"start":{"line":70,"column":12},"end":{"line":70,"column":12},"skip":true}]},"8":{"line":70,"type":"binary-expr","locations":[{"start":{"line":70,"column":16},"end":{"line":70,"column":22},"skip":true},{"start":{"line":70,"column":27},"end":{"line":70,"column":32},"skip":true},{"start":{"line":71,"column":20},"end":{"line":71,"column":39},"skip":true},{"start":{"line":72,"column":20},"end":{"line":72,"column":49},"skip":true},{"start":{"line":73,"column":20},"end":{"line":73,"column":58},"skip":true},{"start":{"line":74,"column":20},"end":{"line":74,"column":69},"skip":true}]},"9":{"line":79,"type":"switch","locations":[{"start":{"line":80,"column":20},"end":{"line":80,"column":33},"skip":true},{"start":{"line":81,"column":20},"end":{"line":83,"column":30},"skip":true},{"start":{"line":84,"column":20},"end":{"line":85,"column":49},"skip":true}]},"10":{"line":89,"type":"switch","locations":[{"start":{"line":90,"column":12},"end":{"line":103,"column":22},"skip":true},{"start":{"line":105,"column":12},"end":{"line":106,"column":22},"skip":true}]},"11":{"line":89,"type":"binary-expr","locations":[{"start":{"line":89,"column":20},"end":{"line":89,"column":25},"skip":true},{"start":{"line":89,"column":29},"end":{"line":89,"column":48},"skip":true},{"start":{"line":89,"column":52},"end":{"line":89,"column":74},"skip":true}]},"12":{"line":92,"type":"if","locations":[{"start":{"line":92,"column":16},"end":{"line":92,"column":16},"skip":true},{"start":{"line":92,"column":16},"end":{"line":92,"column":16},"skip":true}]},"13":{"line":108,"type":"if","locations":[{"start":{"line":108,"column":12},"end":{"line":108,"column":12},"skip":true},{"start":{"line":108,"column":12},"end":{"line":108,"column":12},"skip":true}]},"14":{"line":108,"type":"binary-expr","locations":[{"start":{"line":108,"column":16},"end":{"line":108,"column":61},"skip":true},{"start":{"line":108,"column":66},"end":{"line":108,"column":72},"skip":true},{"start":{"line":108,"column":77},"end":{"line":108,"column":82},"skip":true},{"start":{"line":109,"column":20},"end":{"line":109,"column":39},"skip":true},{"start":{"line":110,"column":20},"end":{"line":110,"column":49},"skip":true},{"start":{"line":111,"column":20},"end":{"line":111,"column":58},"skip":true},{"start":{"line":112,"column":20},"end":{"line":112,"column":68},"skip":true}]},"15":{"line":129,"type":"if","locations":[{"start":{"line":129,"column":16},"end":{"line":129,"column":16},"skip":true},{"start":{"line":129,"column":16},"end":{"line":129,"column":16},"skip":true}]},"16":{"line":134,"type":"cond-expr","locations":[{"start":{"line":135,"column":26},"end":{"line":135,"column":29},"skip":true},{"start":{"line":136,"column":26},"end":{"line":136,"column":54},"skip":true}]},"17":{"line":164,"type":"binary-expr","locations":[{"start":{"line":164,"column":27},"end":{"line":164,"column":43},"skip":true},{"start":{"line":164,"column":47},"end":{"line":164,"column":49},"skip":true}]},"18":{"line":258,"type":"if","locations":[{"start":{"line":258,"column":8},"end":{"line":258,"column":8},"skip":true},{"start":{"line":258,"column":8},"end":{"line":258,"column":8},"skip":true}]},"19":{"line":275,"type":"switch","locations":[{"start":{"line":276,"column":20},"end":{"line":277,"column":64},"skip":true},{"start":{"line":278,"column":20},"end":{"line":279,"column":40},"skip":true},{"start":{"line":280,"column":20},"end":{"line":281,"column":40},"skip":true},{"start":{"line":282,"column":20},"end":{"line":283,"column":39},"skip":true}]},"20":{"line":288,"type":"if","locations":[{"start":{"line":288,"column":8},"end":{"line":288,"column":8},"skip":true},{"start":{"line":288,"column":8},"end":{"line":288,"column":8},"skip":true}]},"21":{"line":288,"type":"binary-expr","locations":[{"start":{"line":288,"column":12},"end":{"line":288,"column":40},"skip":true},{"start":{"line":288,"column":44},"end":{"line":288,"column":67},"skip":true}]},"22":{"line":292,"type":"binary-expr","locations":[{"start":{"line":292,"column":12},"end":{"line":292,"column":50},"skip":true},{"start":{"line":293,"column":12},"end":{"line":293,"column":53},"skip":true}]},"23":{"line":295,"type":"binary-expr","locations":[{"start":{"line":295,"column":12},"end":{"line":295,"column":69},"skip":true},{"start":{"line":296,"column":12},"end":{"line":301,"column":36},"skip":true}]},"24":{"line":302,"type":"binary-expr","locations":[{"start":{"line":302,"column":43},"end":{"line":302,"column":75},"skip":true},{"start":{"line":302,"column":79},"end":{"line":302,"column":81},"skip":true}]},"25":{"line":305,"type":"if","locations":[{"start":{"line":305,"column":8},"end":{"line":305,"column":8},"skip":true},{"start":{"line":305,"column":8},"end":{"line":305,"column":8},"skip":true}]},"26":{"line":309,"type":"if","locations":[{"start":{"line":309,"column":8},"end":{"line":309,"column":8},"skip":true},{"start":{"line":309,"column":8},"end":{"line":309,"column":8},"skip":true}]},"27":{"line":312,"type":"binary-expr","locations":[{"start":{"line":312,"column":27},"end":{"line":312,"column":43},"skip":true},{"start":{"line":312,"column":47},"end":{"line":312,"column":53},"skip":true}]},"28":{"line":316,"type":"if","locations":[{"start":{"line":316,"column":12},"end":{"line":316,"column":12},"skip":true},{"start":{"line":316,"column":12},"end":{"line":316,"column":12},"skip":true}]}},"code":["/*","example.js","","quickstart example","","instruction","    1. save this script as example.js","    2. run the shell command:","        $ npm install npmtest-gulp-inject && PORT=8081 node example.js","    3. play with the browser-demo on http://127.0.0.1:8081","*/","","","","/* istanbul instrument in package npmtest_gulp_inject */","/*jslint","    bitwise: true,","    browser: true,","    maxerr: 8,","    maxlen: 96,","    node: true,","    nomen: true,","    regexp: true,","    stupid: true","*/","(function () {","    'use strict';","    var local;","","","","    // run shared js-env code - pre-init","    (function () {","        // init local","        local = {};","        // init modeJs","        local.modeJs = (function () {","            try {","                return typeof navigator.userAgent === 'string' &&","                    typeof document.querySelector('body') === 'object' &&","                    typeof XMLHttpRequest.prototype.open === 'function' &&","                    'browser';","            } catch (errorCaughtBrowser) {","                return module.exports &&","                    typeof process.versions.node === 'string' &&","                    typeof require('http').createServer === 'function' &&","                    'node';","            }","        }());","        // init global","        local.global = local.modeJs === 'browser'","            ? window","            : global;","        // init utility2_rollup","        local = local.global.utility2_rollup || (local.modeJs === 'browser'","            ? local.global.utility2_npmtest_gulp_inject","            : global.utility2_moduleExports);","        // export local","        local.global.local = local;","    }());","    switch (local.modeJs) {","","","","    // post-init","    // run browser js-env code - post-init","    /* istanbul ignore next */","    case 'browser':","        local.testRunBrowser = function (event) {","            if (!event || (event &&","                    event.currentTarget &&","                    event.currentTarget.className &&","                    event.currentTarget.className.includes &&","                    event.currentTarget.className.includes('onreset'))) {","                // reset output","                Array.from(","                    document.querySelectorAll('body > .resettable')","                ).forEach(function (element) {","                    switch (element.tagName) {","                    case 'INPUT':","                    case 'TEXTAREA':","                        element.value = '';","                        break;","                    default:","                        element.textContent = '';","                    }","                });","            }","            switch (event && event.currentTarget && event.currentTarget.id) {","            case 'testRunButton1':","                // show tests","                if (document.querySelector('#testReportDiv1').style.display === 'none') {","                    document.querySelector('#testReportDiv1').style.display = 'block';","                    document.querySelector('#testRunButton1').textContent =","                        'hide internal test';","                    local.modeTest = true;","                    local.testRunDefault(local);","                // hide tests","                } else {","                    document.querySelector('#testReportDiv1').style.display = 'none';","                    document.querySelector('#testRunButton1').textContent = 'run internal test';","                }","                break;","            // custom-case","            default:","                break;","            }","            if (document.querySelector('#inputTextareaEval1') && (!event || (event &&","                    event.currentTarget &&","                    event.currentTarget.className &&","                    event.currentTarget.className.includes &&","                    event.currentTarget.className.includes('oneval')))) {","                // try to eval input-code","                try {","                    /*jslint evil: true*/","                    eval(document.querySelector('#inputTextareaEval1').value);","                } catch (errorCaught) {","                    console.error(errorCaught.stack);","                }","            }","        };","        // log stderr and stdout to #outputTextareaStdout1","        ['error', 'log'].forEach(function (key) {","            console[key + '_original'] = console[key];","            console[key] = function () {","                var element;","                console[key + '_original'].apply(console, arguments);","                element = document.querySelector('#outputTextareaStdout1');","                if (!element) {","                    return;","                }","                // append text to #outputTextareaStdout1","                element.value += Array.from(arguments).map(function (arg) {","                    return typeof arg === 'string'","                        ? arg","                        : JSON.stringify(arg, null, 4);","                }).join(' ') + '\\n';","                // scroll textarea to bottom","                element.scrollTop = element.scrollHeight;","            };","        });","        // init event-handling","        ['change', 'click', 'keyup'].forEach(function (event) {","            Array.from(document.querySelectorAll('.on' + event)).forEach(function (element) {","                element.addEventListener(event, local.testRunBrowser);","            });","        });","        // run tests","        local.testRunBrowser();","        break;","","","","    // run node js-env code - post-init","    /* istanbul ignore next */","    case 'node':","        // export local","        module.exports = local;","        // require modules","        local.fs = require('fs');","        local.http = require('http');","        local.url = require('url');","        // init assets","        local.assetsDict = local.assetsDict || {};","        /* jslint-ignore-begin */","        local.assetsDict['/assets.index.template.html'] = '\\","<!doctype html>\\n\\","<html lang=\"en\">\\n\\","<head>\\n\\","<meta charset=\"UTF-8\">\\n\\","<meta name=\"viewport\" content=\"width=device-width, initial-scale=1\">\\n\\","<title>{{env.npm_package_name}} (v{{env.npm_package_version}})</title>\\n\\","<style>\\n\\","/*csslint\\n\\","    box-sizing: false,\\n\\","    universal-selector: false\\n\\","*/\\n\\","* {\\n\\","    box-sizing: border-box;\\n\\","}\\n\\","body {\\n\\","    background: #dde;\\n\\","    font-family: Arial, Helvetica, sans-serif;\\n\\","    margin: 2rem;\\n\\","}\\n\\","body > * {\\n\\","    margin-bottom: 1rem;\\n\\","}\\n\\",".utility2FooterDiv {\\n\\","    margin-top: 20px;\\n\\","    text-align: center;\\n\\","}\\n\\","</style>\\n\\","<style>\\n\\","/*csslint\\n\\","*/\\n\\","textarea {\\n\\","    font-family: monospace;\\n\\","    height: 10rem;\\n\\","    width: 100%;\\n\\","}\\n\\","textarea[readonly] {\\n\\","    background: #ddd;\\n\\","}\\n\\","</style>\\n\\","</head>\\n\\","<body>\\n\\","<!-- utility2-comment\\n\\","<div id=\"ajaxProgressDiv1\" style=\"background: #d00; height: 2px; left: 0; margin: 0; padding: 0; position: fixed; top: 0; transition: background 0.5s, width 1.5s; width: 25%;\"></div>\\n\\","utility2-comment -->\\n\\","<h1>\\n\\","<!-- utility2-comment\\n\\","    <a\\n\\","        {{#if env.npm_package_homepage}}\\n\\","        href=\"{{env.npm_package_homepage}}\"\\n\\","        {{/if env.npm_package_homepage}}\\n\\","        target=\"_blank\"\\n\\","    >\\n\\","utility2-comment -->\\n\\","        {{env.npm_package_name}} (v{{env.npm_package_version}})\\n\\","<!-- utility2-comment\\n\\","    </a>\\n\\","utility2-comment -->\\n\\","</h1>\\n\\","<h3>{{env.npm_package_description}}</h3>\\n\\","<!-- utility2-comment\\n\\","<h4><a download href=\"assets.app.js\">download standalone app</a></h4>\\n\\","<button class=\"onclick onreset\" id=\"testRunButton1\">run internal test</button><br>\\n\\","<div id=\"testReportDiv1\" style=\"display: none;\"></div>\\n\\","utility2-comment -->\\n\\","\\n\\","\\n\\","\\n\\","<label>stderr and stdout</label>\\n\\","<textarea class=\"resettable\" id=\"outputTextareaStdout1\" readonly></textarea>\\n\\","<!-- utility2-comment\\n\\","{{#if isRollup}}\\n\\","<script src=\"assets.app.js\"></script>\\n\\","{{#unless isRollup}}\\n\\","utility2-comment -->\\n\\","<script src=\"assets.utility2.rollup.js\"></script>\\n\\","<script src=\"jsonp.utility2._stateInit?callback=window.utility2._stateInit\"></script>\\n\\","<script src=\"assets.npmtest_gulp_inject.rollup.js\"></script>\\n\\","<script src=\"assets.example.js\"></script>\\n\\","<script src=\"assets.test.js\"></script>\\n\\","<!-- utility2-comment\\n\\","{{/if isRollup}}\\n\\","utility2-comment -->\\n\\","<div class=\"utility2FooterDiv\">\\n\\","    [ this app was created with\\n\\","    <a href=\"https://github.com/kaizhu256/node-utility2\" target=\"_blank\">utility2</a>\\n\\","    ]\\n\\","</div>\\n\\","</body>\\n\\","</html>\\n\\","';","        /* jslint-ignore-end */","        if (local.templateRender) {","            local.assetsDict['/'] = local.templateRender(","                local.assetsDict['/assets.index.template.html'],","                {","                    env: local.objectSetDefault(local.env, {","                        npm_package_description: 'the greatest app in the world!',","                        npm_package_name: 'my-app',","                        npm_package_nameAlias: 'my_app',","                        npm_package_version: '0.0.1'","                    })","                }","            );","        } else {","            local.assetsDict['/'] = local.assetsDict['/assets.index.template.html']","                .replace((/\\{\\{env\\.(\\w+?)\\}\\}/g), function (match0, match1) {","                    // jslint-hack","                    String(match0);","                    switch (match1) {","                    case 'npm_package_description':","                        return 'the greatest app in the world!';","                    case 'npm_package_name':","                        return 'my-app';","                    case 'npm_package_nameAlias':","                        return 'my_app';","                    case 'npm_package_version':","                        return '0.0.1';","                    }","                });","        }","        // run the cli","        if (local.global.utility2_rollup || module !== require.main) {","            break;","        }","        local.assetsDict['/assets.example.js'] =","            local.assetsDict['/assets.example.js'] ||","            local.fs.readFileSync(__filename, 'utf8');","        local.assetsDict['/assets.npmtest_gulp_inject.rollup.js'] =","            local.assetsDict['/assets.npmtest_gulp_inject.rollup.js'] ||","            local.fs.readFileSync(","                // buildCustomOrg-hack","                local.npmtest_gulp_inject.__dirname +","                    '/lib.npmtest_gulp_inject.js',","                'utf8'","            ).replace((/^#!/), '//');","        local.assetsDict['/favicon.ico'] = local.assetsDict['/favicon.ico'] || '';","        // if $npm_config_timeout_exit exists,","        // then exit this process after $npm_config_timeout_exit ms","        if (Number(process.env.npm_config_timeout_exit)) {","            setTimeout(process.exit, Number(process.env.npm_config_timeout_exit));","        }","        // start server","        if (local.global.utility2_serverHttp1) {","            break;","        }","        process.env.PORT = process.env.PORT || '8081';","        console.error('server starting on port ' + process.env.PORT);","        local.http.createServer(function (request, response) {","            request.urlParsed = local.url.parse(request.url);","            if (local.assetsDict[request.urlParsed.pathname] !== undefined) {","                response.end(local.assetsDict[request.urlParsed.pathname]);","                return;","            }","            response.statusCode = 404;","            response.end();","        }).listen(process.env.PORT);","        break;","    }","}());",""],"l":{"26":2,"28":2,"33":2,"35":2,"37":2,"38":2,"39":2,"44":1,"51":2,"55":2,"59":2,"61":2,"69":1,"70":2,"76":2,"79":2,"82":2,"83":2,"85":1,"89":2,"92":1,"93":1,"94":1,"96":1,"97":1,"100":1,"101":1,"103":1,"106":1,"108":2,"114":1,"116":1,"118":1,"123":1,"124":2,"125":2,"126":2,"127":2,"128":2,"129":2,"130":1,"133":2,"134":2,"139":2,"143":1,"144":3,"145":1,"149":1,"150":1,"158":1,"160":1,"161":1,"162":1,"164":1,"166":1,"258":1,"259":1,"271":1,"274":6,"275":6,"277":1,"279":2,"281":1,"283":2,"288":1,"289":1,"291":1,"294":1,"302":1,"305":1,"306":1,"309":1,"310":1,"312":1,"313":1,"314":1,"315":1,"316":1,"317":1,"318":1,"320":1,"321":1,"323":1}},"/home/travis/build/npmtest/node-npmtest-gulp-inject/gulp-inject/index.js":{"path":"/home/travis/build/npmtest/node-npmtest-gulp-inject/gulp-inject/index.js","s":{"1":1,"2":1},"b":{},"f":{},"fnMap":{},"statementMap":{"1":{"start":{"line":4,"column":0},"end":{"line":4,"column":51}},"2":{"start":{"line":9,"column":0},"end":{"line":9,"column":47}}},"branchMap":{},"code":["/**"," * Export `gulp-inject`"," */","module.exports = exports = require('./src/inject');","","/**"," * Export the default transform function(s)"," */","exports.transform = require('./src/transform');",""],"l":{"4":1,"9":1}},"/home/travis/build/npmtest/node-npmtest-gulp-inject/gulp-inject/src/inject/index.js":{"path":"/home/travis/build/npmtest/node-npmtest-gulp-inject/gulp-inject/src/inject/index.js","s":{"1":1,"2":1,"3":1,"4":1,"5":1,"6":1,"7":1,"8":1,"9":1,"10":1,"11":1,"12":1,"13":1,"14":1,"15":1,"16":1,"17":1,"18":0,"19":0,"20":0,"21":0,"22":0,"23":0,"24":0,"25":0,"26":0,"27":0,"28":0,"29":0,"30":0,"31":0,"32":0,"33":0,"34":0,"35":0,"36":0,"37":0,"38":0,"39":0,"40":1,"41":0,"42":1,"43":0,"44":1,"45":0,"46":0,"47":0,"48":0,"49":0,"50":0,"51":0,"52":0,"53":0,"54":1,"55":0,"56":0,"57":0,"58":0,"59":0,"60":0,"61":0,"62":0,"63":0,"64":0,"65":0,"66":0,"67":0,"68":0,"69":0,"70":0,"71":0,"72":0,"73":0,"74":0,"75":0,"76":0,"77":0,"78":0,"79":0,"80":0,"81":0,"82":1,"83":0,"84":0,"85":0,"86":0,"87":0,"88":0,"89":0,"90":0,"91":0,"92":0,"93":0,"94":0,"95":0,"96":0,"97":0,"98":0,"99":0,"100":0,"101":0,"102":0,"103":0,"104":0,"105":0,"106":0,"107":0,"108":0,"109":0,"110":0,"111":1,"112":0,"113":1,"114":0,"115":0,"116":0,"117":0,"118":0,"119":0,"120":0,"121":1,"122":0,"123":0,"124":0,"125":1,"126":0,"127":0,"128":1,"129":0,"130":1,"131":0,"132":0,"133":0,"134":0,"135":0,"136":0,"137":1,"138":0,"139":1,"140":0},"b":{"1":[0,0],"2":[0,0],"3":[0,0],"4":[0,0],"5":[0,0],"6":[0,0],"7":[0,0],"8":[0,0],"9":[0,0],"10":[0,0],"11":[0,0],"12":[0,0],"13":[0,0],"14":[0,0],"15":[0,0],"16":[0,0],"17":[0,0],"18":[0,0],"19":[0,0],"20":[0,0],"21":[0,0],"22":[0,0],"23":[0,0],"24":[0,0]},"f":{"1":0,"2":0,"3":0,"4":0,"5":0,"6":0,"7":0,"8":0,"9":0,"10":0,"11":0,"12":0,"13":0,"14":0,"15":0,"16":0,"17":0,"18":0,"19":0,"20":0,"21":0,"22":0,"23":0,"24":0,"25":0,"26":0},"fnMap":{"1":{"name":"noop","line":15,"loc":{"start":{"line":15,"column":11},"end":{"line":15,"column":27}}},"2":{"name":"(anonymous_2)","line":24,"loc":{"start":{"line":24,"column":27},"end":{"line":24,"column":51}}},"3":{"name":"defaults","line":63,"loc":{"start":{"line":63,"column":0},"end":{"line":63,"column":47}}},"4":{"name":"bool","line":67,"loc":{"start":{"line":67,"column":0},"end":{"line":67,"column":41}}},"5":{"name":"handleVinylStream","line":79,"loc":{"start":{"line":79,"column":0},"end":{"line":79,"column":41}}},"6":{"name":"(anonymous_6)","line":82,"loc":{"start":{"line":82,"column":22},"end":{"line":82,"column":49}}},"7":{"name":"(anonymous_7)","line":86,"loc":{"start":{"line":86,"column":19},"end":{"line":86,"column":41}}},"8":{"name":"(anonymous_8)","line":91,"loc":{"start":{"line":91,"column":11},"end":{"line":91,"column":26}}},"9":{"name":"getNewContent","line":106,"loc":{"start":{"line":106,"column":0},"end":{"line":106,"column":48}}},"10":{"name":"(anonymous_10)","line":107,"loc":{"start":{"line":107,"column":34},"end":{"line":107,"column":56}}},"11":{"name":"(anonymous_11)","line":122,"loc":{"start":{"line":122,"column":26},"end":{"line":122,"column":44}}},"12":{"name":"(anonymous_12)","line":133,"loc":{"start":{"line":133,"column":18},"end":{"line":133,"column":43}}},"13":{"name":"(anonymous_13)","line":136,"loc":{"start":{"line":136,"column":15},"end":{"line":136,"column":32}}},"14":{"name":"(anonymous_14)","line":155,"loc":{"start":{"line":155,"column":19},"end":{"line":155,"column":36}}},"15":{"name":"inject","line":172,"loc":{"start":{"line":172,"column":0},"end":{"line":172,"column":30}}},"16":{"name":"getLeadingWhitespace","line":233,"loc":{"start":{"line":233,"column":0},"end":{"line":233,"column":35}}},"17":{"name":"prepareFiles","line":237,"loc":{"start":{"line":237,"column":0},"end":{"line":237,"column":53}}},"18":{"name":"(anonymous_18)","line":238,"loc":{"start":{"line":238,"column":19},"end":{"line":238,"column":35}}},"19":{"name":"getTagRegExp","line":254,"loc":{"start":{"line":254,"column":0},"end":{"line":254,"column":55}}},"20":{"name":"replaceVariables","line":264,"loc":{"start":{"line":264,"column":0},"end":{"line":264,"column":42}}},"21":{"name":"(anonymous_21)","line":265,"loc":{"start":{"line":265,"column":39},"end":{"line":265,"column":64}}},"22":{"name":"makeWhiteSpaceOptional","line":270,"loc":{"start":{"line":270,"column":0},"end":{"line":270,"column":37}}},"23":{"name":"getTagsToInject","line":274,"loc":{"start":{"line":274,"column":0},"end":{"line":274,"column":45}}},"24":{"name":"transformFile","line":275,"loc":{"start":{"line":275,"column":22},"end":{"line":275,"column":68}}},"25":{"name":"log","line":285,"loc":{"start":{"line":285,"column":0},"end":{"line":285,"column":22}}},"26":{"name":"error","line":289,"loc":{"start":{"line":289,"column":0},"end":{"line":289,"column":24}}}},"statementMap":{"1":{"start":{"line":2,"column":0},"end":{"line":2,"column":35}},"2":{"start":{"line":3,"column":0},"end":{"line":3,"column":33}},"3":{"start":{"line":4,"column":0},"end":{"line":4,"column":47}},"4":{"start":{"line":5,"column":0},"end":{"line":5,"column":57}},"5":{"start":{"line":6,"column":0},"end":{"line":6,"column":40}},"6":{"start":{"line":7,"column":0},"end":{"line":7,"column":36}},"7":{"start":{"line":8,"column":0},"end":{"line":8,"column":40}},"8":{"start":{"line":9,"column":0},"end":{"line":9,"column":30}},"9":{"start":{"line":10,"column":0},"end":{"line":10,"column":37}},"10":{"start":{"line":12,"column":0},"end":{"line":12,"column":36}},"11":{"start":{"line":13,"column":0},"end":{"line":13,"column":35}},"12":{"start":{"line":14,"column":0},"end":{"line":14,"column":29}},"13":{"start":{"line":15,"column":0},"end":{"line":15,"column":30}},"14":{"start":{"line":20,"column":0},"end":{"line":20,"column":32}},"15":{"start":{"line":21,"column":0},"end":{"line":21,"column":37}},"16":{"start":{"line":22,"column":0},"end":{"line":22,"column":39}},"17":{"start":{"line":24,"column":0},"end":{"line":61,"column":2}},"18":{"start":{"line":25,"column":2},"end":{"line":27,"column":3}},"19":{"start":{"line":26,"column":4},"end":{"line":26,"column":43}},"20":{"start":{"line":28,"column":2},"end":{"line":30,"column":3}},"21":{"start":{"line":29,"column":4},"end":{"line":29,"column":13}},"22":{"start":{"line":32,"column":2},"end":{"line":34,"column":3}},"23":{"start":{"line":33,"column":4},"end":{"line":33,"column":80}},"24":{"start":{"line":35,"column":2},"end":{"line":37,"column":3}},"25":{"start":{"line":36,"column":4},"end":{"line":36,"column":97}},"26":{"start":{"line":38,"column":2},"end":{"line":40,"column":3}},"27":{"start":{"line":39,"column":4},"end":{"line":39,"column":55}},"28":{"start":{"line":42,"column":2},"end":{"line":44,"column":3}},"29":{"start":{"line":43,"column":4},"end":{"line":43,"column":97}},"30":{"start":{"line":47,"column":2},"end":{"line":47,"column":40}},"31":{"start":{"line":48,"column":2},"end":{"line":48,"column":46}},"32":{"start":{"line":49,"column":2},"end":{"line":49,"column":62}},"33":{"start":{"line":50,"column":2},"end":{"line":50,"column":56}},"34":{"start":{"line":51,"column":2},"end":{"line":51,"column":20}},"35":{"start":{"line":52,"column":2},"end":{"line":52,"column":58}},"36":{"start":{"line":53,"column":2},"end":{"line":53,"column":64}},"37":{"start":{"line":56,"column":2},"end":{"line":58,"column":3}},"38":{"start":{"line":57,"column":4},"end":{"line":57,"column":43}},"39":{"start":{"line":60,"column":2},"end":{"line":60,"column":112}},"40":{"start":{"line":63,"column":0},"end":{"line":65,"column":1}},"41":{"start":{"line":64,"column":2},"end":{"line":64,"column":39}},"42":{"start":{"line":67,"column":0},"end":{"line":69,"column":1}},"43":{"start":{"line":68,"column":2},"end":{"line":68,"column":84}},"44":{"start":{"line":79,"column":0},"end":{"line":95,"column":1}},"45":{"start":{"line":80,"column":2},"end":{"line":80,"column":41}},"46":{"start":{"line":82,"column":2},"end":{"line":94,"column":5}},"47":{"start":{"line":83,"column":4},"end":{"line":85,"column":5}},"48":{"start":{"line":84,"column":6},"end":{"line":84,"column":70}},"49":{"start":{"line":86,"column":4},"end":{"line":93,"column":7}},"50":{"start":{"line":87,"column":6},"end":{"line":87,"column":63}},"51":{"start":{"line":88,"column":6},"end":{"line":88,"column":24}},"52":{"start":{"line":89,"column":6},"end":{"line":89,"column":11}},"53":{"start":{"line":92,"column":6},"end":{"line":92,"column":14}},"54":{"start":{"line":106,"column":0},"end":{"line":162,"column":1}},"55":{"start":{"line":107,"column":2},"end":{"line":113,"column":4}},"56":{"start":{"line":108,"column":4},"end":{"line":112,"column":5}},"57":{"start":{"line":109,"column":6},"end":{"line":109,"column":78}},"58":{"start":{"line":111,"column":6},"end":{"line":111,"column":70}},"59":{"start":{"line":114,"column":2},"end":{"line":114,"column":40}},"60":{"start":{"line":115,"column":2},"end":{"line":115,"column":39}},"61":{"start":{"line":116,"column":2},"end":{"line":116,"column":63}},"62":{"start":{"line":117,"column":2},"end":{"line":117,"column":49}},"63":{"start":{"line":118,"column":2},"end":{"line":118,"column":50}},"64":{"start":{"line":119,"column":2},"end":{"line":119,"column":19}},"65":{"start":{"line":120,"column":2},"end":{"line":120,"column":29}},"66":{"start":{"line":122,"column":2},"end":{"line":140,"column":5}},"67":{"start":{"line":123,"column":4},"end":{"line":123,"column":37}},"68":{"start":{"line":124,"column":4},"end":{"line":124,"column":37}},"69":{"start":{"line":125,"column":4},"end":{"line":125,"column":33}},"70":{"start":{"line":126,"column":4},"end":{"line":126,"column":59}},"71":{"start":{"line":127,"column":4},"end":{"line":139,"column":7}},"72":{"start":{"line":134,"column":8},"end":{"line":134,"column":51}},"73":{"start":{"line":137,"column":8},"end":{"line":137,"column":31}},"74":{"start":{"line":142,"column":2},"end":{"line":142,"column":29}},"75":{"start":{"line":144,"column":2},"end":{"line":159,"column":3}},"76":{"start":{"line":145,"column":4},"end":{"line":145,"column":24}},"77":{"start":{"line":146,"column":4},"end":{"line":146,"column":88}},"78":{"start":{"line":147,"column":4},"end":{"line":147,"column":84}},"79":{"start":{"line":149,"column":4},"end":{"line":158,"column":7}},"80":{"start":{"line":156,"column":8},"end":{"line":156,"column":48}},"81":{"start":{"line":161,"column":2},"end":{"line":161,"column":29}},"82":{"start":{"line":172,"column":0},"end":{"line":231,"column":1}},"83":{"start":{"line":173,"column":2},"end":{"line":173,"column":30}},"84":{"start":{"line":174,"column":2},"end":{"line":174,"column":26}},"85":{"start":{"line":175,"column":2},"end":{"line":175,"column":17}},"86":{"start":{"line":176,"column":2},"end":{"line":176,"column":15}},"87":{"start":{"line":188,"column":2},"end":{"line":228,"column":3}},"88":{"start":{"line":189,"column":4},"end":{"line":191,"column":5}},"89":{"start":{"line":190,"column":6},"end":{"line":190,"column":30}},"90":{"start":{"line":192,"column":4},"end":{"line":194,"column":5}},"91":{"start":{"line":193,"column":6},"end":{"line":193,"column":15}},"92":{"start":{"line":196,"column":4},"end":{"line":196,"column":42}},"93":{"start":{"line":197,"column":4},"end":{"line":197,"column":36}},"94":{"start":{"line":198,"column":4},"end":{"line":200,"column":5}},"95":{"start":{"line":199,"column":6},"end":{"line":199,"column":69}},"96":{"start":{"line":201,"column":4},"end":{"line":201,"column":44}},"97":{"start":{"line":203,"column":4},"end":{"line":205,"column":5}},"98":{"start":{"line":204,"column":6},"end":{"line":204,"column":31}},"99":{"start":{"line":208,"column":4},"end":{"line":208,"column":57}},"100":{"start":{"line":210,"column":4},"end":{"line":219,"column":5}},"101":{"start":{"line":211,"column":6},"end":{"line":214,"column":7}},"102":{"start":{"line":213,"column":8},"end":{"line":213,"column":51}},"103":{"start":{"line":217,"column":6},"end":{"line":217,"column":38}},"104":{"start":{"line":218,"column":6},"end":{"line":218,"column":33}},"105":{"start":{"line":220,"column":4},"end":{"line":220,"column":85}},"106":{"start":{"line":221,"column":4},"end":{"line":221,"column":60}},"107":{"start":{"line":223,"column":4},"end":{"line":223,"column":41}},"108":{"start":{"line":225,"column":4},"end":{"line":225,"column":51}},"109":{"start":{"line":227,"column":4},"end":{"line":227,"column":26}},"110":{"start":{"line":230,"column":2},"end":{"line":230,"column":17}},"111":{"start":{"line":233,"column":0},"end":{"line":235,"column":1}},"112":{"start":{"line":234,"column":2},"end":{"line":234,"column":49}},"113":{"start":{"line":237,"column":0},"end":{"line":252,"column":1}},"114":{"start":{"line":238,"column":2},"end":{"line":251,"column":5}},"115":{"start":{"line":239,"column":4},"end":{"line":239,"column":33}},"116":{"start":{"line":240,"column":4},"end":{"line":240,"column":50}},"117":{"start":{"line":241,"column":4},"end":{"line":241,"column":98}},"118":{"start":{"line":242,"column":4},"end":{"line":242,"column":92}},"119":{"start":{"line":243,"column":4},"end":{"line":243,"column":51}},"120":{"start":{"line":244,"column":4},"end":{"line":250,"column":6}},"121":{"start":{"line":254,"column":0},"end":{"line":262,"column":1}},"122":{"start":{"line":255,"column":2},"end":{"line":255,"column":56}},"123":{"start":{"line":256,"column":2},"end":{"line":260,"column":5}},"124":{"start":{"line":261,"column":2},"end":{"line":261,"column":31}},"125":{"start":{"line":264,"column":0},"end":{"line":268,"column":1}},"126":{"start":{"line":265,"column":2},"end":{"line":267,"column":10}},"127":{"start":{"line":266,"column":4},"end":{"line":266,"column":134}},"128":{"start":{"line":270,"column":0},"end":{"line":272,"column":1}},"129":{"start":{"line":271,"column":2},"end":{"line":271,"column":37}},"130":{"start":{"line":274,"column":0},"end":{"line":283,"column":1}},"131":{"start":{"line":275,"column":2},"end":{"line":282,"column":9}},"132":{"start":{"line":276,"column":4},"end":{"line":276,"column":55}},"133":{"start":{"line":277,"column":4},"end":{"line":277,"column":90}},"134":{"start":{"line":278,"column":4},"end":{"line":280,"column":5}},"135":{"start":{"line":279,"column":6},"end":{"line":279,"column":19}},"136":{"start":{"line":281,"column":4},"end":{"line":281,"column":45}},"137":{"start":{"line":285,"column":0},"end":{"line":287,"column":1}},"138":{"start":{"line":286,"column":2},"end":{"line":286,"column":43}},"139":{"start":{"line":289,"column":0},"end":{"line":291,"column":1}},"140":{"start":{"line":290,"column":2},"end":{"line":290,"column":47}}},"branchMap":{"1":{"line":25,"type":"if","locations":[{"start":{"line":25,"column":2},"end":{"line":25,"column":2}},{"start":{"line":25,"column":2},"end":{"line":25,"column":2}}]},"2":{"line":28,"type":"if","locations":[{"start":{"line":28,"column":2},"end":{"line":28,"column":2}},{"start":{"line":28,"column":2},"end":{"line":28,"column":2}}]},"3":{"line":32,"type":"if","locations":[{"start":{"line":32,"column":2},"end":{"line":32,"column":2}},{"start":{"line":32,"column":2},"end":{"line":32,"column":2}}]},"4":{"line":35,"type":"if","locations":[{"start":{"line":35,"column":2},"end":{"line":35,"column":2}},{"start":{"line":35,"column":2},"end":{"line":35,"column":2}}]},"5":{"line":38,"type":"if","locations":[{"start":{"line":38,"column":2},"end":{"line":38,"column":2}},{"start":{"line":38,"column":2},"end":{"line":38,"column":2}}]},"6":{"line":38,"type":"binary-expr","locations":[{"start":{"line":38,"column":6},"end":{"line":38,"column":19}},{"start":{"line":38,"column":23},"end":{"line":38,"column":58}}]},"7":{"line":42,"type":"if","locations":[{"start":{"line":42,"column":2},"end":{"line":42,"column":2}},{"start":{"line":42,"column":2},"end":{"line":42,"column":2}}]},"8":{"line":56,"type":"if","locations":[{"start":{"line":56,"column":2},"end":{"line":56,"column":2}},{"start":{"line":56,"column":2},"end":{"line":56,"column":2}}]},"9":{"line":56,"type":"binary-expr","locations":[{"start":{"line":56,"column":6},"end":{"line":56,"column":38}},{"start":{"line":56,"column":42},"end":{"line":56,"column":76}}]},"10":{"line":64,"type":"binary-expr","locations":[{"start":{"line":64,"column":9},"end":{"line":64,"column":22}},{"start":{"line":64,"column":26},"end":{"line":64,"column":38}}]},"11":{"line":68,"type":"cond-expr","locations":[{"start":{"line":68,"column":48},"end":{"line":68,"column":58}},{"start":{"line":68,"column":61},"end":{"line":68,"column":83}}]},"12":{"line":83,"type":"if","locations":[{"start":{"line":83,"column":4},"end":{"line":83,"column":4}},{"start":{"line":83,"column":4},"end":{"line":83,"column":4}}]},"13":{"line":107,"type":"cond-expr","locations":[{"start":{"line":107,"column":27},"end":{"line":107,"column":31}},{"start":{"line":107,"column":34},"end":{"line":113,"column":3}}]},"14":{"line":108,"type":"if","locations":[{"start":{"line":108,"column":4},"end":{"line":108,"column":4}},{"start":{"line":108,"column":4},"end":{"line":108,"column":4}}]},"15":{"line":144,"type":"if","locations":[{"start":{"line":144,"column":2},"end":{"line":144,"column":2}},{"start":{"line":144,"column":2},"end":{"line":144,"column":2}}]},"16":{"line":189,"type":"if","locations":[{"start":{"line":189,"column":4},"end":{"line":189,"column":4}},{"start":{"line":189,"column":4},"end":{"line":189,"column":4}}]},"17":{"line":192,"type":"if","locations":[{"start":{"line":192,"column":4},"end":{"line":192,"column":4}},{"start":{"line":192,"column":4},"end":{"line":192,"column":4}}]},"18":{"line":192,"type":"binary-expr","locations":[{"start":{"line":192,"column":8},"end":{"line":192,"column":45}},{"start":{"line":192,"column":49},"end":{"line":192,"column":76}}]},"19":{"line":198,"type":"if","locations":[{"start":{"line":198,"column":4},"end":{"line":198,"column":4}},{"start":{"line":198,"column":4},"end":{"line":198,"column":4}}]},"20":{"line":203,"type":"if","locations":[{"start":{"line":203,"column":4},"end":{"line":203,"column":4}},{"start":{"line":203,"column":4},"end":{"line":203,"column":4}}]},"21":{"line":210,"type":"if","locations":[{"start":{"line":210,"column":4},"end":{"line":210,"column":4}},{"start":{"line":210,"column":4},"end":{"line":210,"column":4}}]},"22":{"line":211,"type":"if","locations":[{"start":{"line":211,"column":6},"end":{"line":211,"column":6}},{"start":{"line":211,"column":6},"end":{"line":211,"column":6}}]},"23":{"line":259,"type":"cond-expr","locations":[{"start":{"line":259,"column":35},"end":{"line":259,"column":39}},{"start":{"line":259,"column":42},"end":{"line":259,"column":51}}]},"24":{"line":278,"type":"if","locations":[{"start":{"line":278,"column":4},"end":{"line":278,"column":4}},{"start":{"line":278,"column":4},"end":{"line":278,"column":4}}]}},"code":["'use strict';","var through2 = require('through2');","var gutil = require('gulp-util');","var streamToArray = require('stream-to-array');","var escapeStringRegexp = require('escape-string-regexp');","var groupArray = require('group-array');","var extname = require('../extname');","var transform = require('../transform');","var tags = require('../tags');","var getFilepath = require('../path');","","var PluginError = gutil.PluginError;","var magenta = gutil.colors.magenta;","var cyan = gutil.colors.cyan;","var noop = function noop() {};","","/**"," * Constants"," */","var PLUGIN_NAME = 'gulp-inject';","var DEFAULT_NAME_FOR_TAGS = 'inject';","var LEADING_WHITESPACE_REGEXP = /^\\s*/;","","module.exports = exports = function (sources, opt) {","  if (!sources) {","    throw error('Missing sources stream!');","  }","  if (!opt) {","    opt = {};","  }","","  if (opt.sort) {","    throw error('sort option is deprecated! Use `sort-stream` module instead!');","  }","  if (opt.templateString) {","    throw error('`templateString` option is deprecated! Create a virtual `vinyl` file instead!');","  }","  if (opt.transform && typeof opt.transform !== 'function') {","    throw error('transform option must be a function');","  }","  // Notify people of common mistakes...","  if (typeof opt.read !== 'undefined') {","    throw error('There is no `read` option. Did you mean to provide it for `gulp.src` perhaps?');","  }","","  // Defaults:","  opt.quiet = bool(opt, 'quiet', false);","  opt.relative = bool(opt, 'relative', false);","  opt.addRootSlash = bool(opt, 'addRootSlash', !opt.relative);","  opt.transform = defaults(opt, 'transform', transform);","  opt.tags = tags();","  opt.name = defaults(opt, 'name', DEFAULT_NAME_FOR_TAGS);","  transform.selfClosingTag = bool(opt, 'selfClosingTag', false);","","  // Is the first parameter a Vinyl File Stream:","  if (typeof sources.on === 'function' && typeof sources.pipe === 'function') {","    return handleVinylStream(sources, opt);","  }","","  throw error('passing target file as a string is deprecated! Pass a vinyl file stream (i.e. use `gulp.src`)!');","};","","function defaults(options, prop, defaultValue) {","  return options[prop] || defaultValue;","}","","function bool(options, prop, defaultVal) {","  return typeof options[prop] === 'undefined' ? defaultVal : Boolean(options[prop]);","}","","/**"," * Handle injection when files to"," * inject comes from a Vinyl File Stream"," *"," * @param {Stream} sources"," * @param {Object} opt"," * @returns {Stream}"," */","function handleVinylStream(sources, opt) {","  var collected = streamToArray(sources);","","  return through2.obj(function (target, enc, cb) {","    if (target.isStream()) {","      return cb(error('Streams not supported for target templates!'));","    }","    collected.then(function (collection) {","      target.contents = getNewContent(target, collection, opt);","      this.push(target);","      cb();","    }.bind(this))","    .catch(function (err) {","      cb(err);","    });","  });","}","","/**"," * Get new content for template"," * with all injections made"," *"," * @param {Object} target"," * @param {Array} collection"," * @param {Object} opt"," * @returns {Buffer}"," */","function getNewContent(target, collection, opt) {","  var logger = opt.quiet ? noop : function (filesCount) {","    if (filesCount) {","      log(cyan(filesCount) + ' files into ' + magenta(target.relative) + '.');","    } else {","      log('Nothing to inject into ' + magenta(target.relative) + '.');","    }","  };","  var content = String(target.contents);","  var targetExt = extname(target.path);","  var files = prepareFiles(collection, targetExt, opt, target);","  var filesPerTags = groupArray(files, 'tagKey');","  var startAndEndTags = Object.keys(filesPerTags);","  var matches = [];","  var injectedFilesCount = 0;","","  startAndEndTags.forEach(function (tagKey) {","    var files = filesPerTags[tagKey];","    var startTag = files[0].startTag;","    var endTag = files[0].endTag;","    var tagsToInject = getTagsToInject(files, target, opt);","    content = inject(content, {","      startTag: startTag,","      endTag: endTag,","      tagsToInject: tagsToInject,","      removeTags: opt.removeTags,","      empty: opt.empty,","      willInject: function (filesToInject) {","        injectedFilesCount += filesToInject.length;","      },","      onMatch: function (match) {","        matches.push(match[0]);","      }","    });","  });","","  logger(injectedFilesCount);","","  if (opt.empty) {","    var ext = '{{ANY}}';","    var startTag = getTagRegExp(opt.tags.start(targetExt, ext, opt.starttag), ext, opt);","    var endTag = getTagRegExp(opt.tags.end(targetExt, ext, opt.starttag), ext, opt);","","    content = inject(content, {","      startTag: startTag,","      endTag: endTag,","      tagsToInject: [],","      removeTags: opt.removeTags,","      empty: opt.empty,","      shouldAbort: function (match) {","        return matches.indexOf(match[0]) !== -1;","      }","    });","  }","","  return new Buffer(content);","}","","/**"," * Inject tags into content for given"," * start and end tags"," *"," * @param {String} content"," * @param {Object} opt"," * @returns {String}"," */","function inject(content, opt) {","  var startTag = opt.startTag;","  var endTag = opt.endTag;","  var startMatch;","  var endMatch;","","  /**","   * The content consists of:","   *","   * <everything before startMatch>","   * <startMatch>","   * <previousInnerContent>","   * <endMatch>","   * <everything after endMatch>","   */","","  while ((startMatch = startTag.exec(content)) !== null) {","    if (typeof opt.onMatch === 'function') {","      opt.onMatch(startMatch);","    }","    if (typeof opt.shouldAbort === 'function' && opt.shouldAbort(startMatch)) {","      continue;","    }","    // Take care of content length change:","    endTag.lastIndex = startTag.lastIndex;","    endMatch = endTag.exec(content);","    if (!endMatch) {","      throw error('Missing end tag for start tag: ' + startMatch[0]);","    }","    var toInject = opt.tagsToInject.slice();","","    if (typeof opt.willInject === 'function') {","      opt.willInject(toInject);","    }","","    // <everything before startMatch>:","    var newContents = content.slice(0, startMatch.index);","","    if (opt.removeTags) {","      if (opt.empty) {","        // Take care of content length change:","        startTag.lastIndex -= startMatch[0].length;","      }","    } else {","      // <startMatch> + <endMatch>","      toInject.unshift(startMatch[0]);","      toInject.push(endMatch[0]);","    }","    var previousInnerContent = content.substring(startTag.lastIndex, endMatch.index);","    var indent = getLeadingWhitespace(previousInnerContent);","    // <new inner content>:","    newContents += toInject.join(indent);","    // <everything after endMatch>:","    newContents += content.slice(endTag.lastIndex);","    // replace old content with new:","    content = newContents;","  }","","  return content;","}","","function getLeadingWhitespace(str) {","  return str.match(LEADING_WHITESPACE_REGEXP)[0];","}","","function prepareFiles(files, targetExt, opt, target) {","  return files.map(function (file) {","    var ext = extname(file.path);","    var filePath = getFilepath(file, target, opt);","    var startTag = getTagRegExp(opt.tags.start(targetExt, ext, opt.starttag), ext, opt, filePath);","    var endTag = getTagRegExp(opt.tags.end(targetExt, ext, opt.endtag), ext, opt, filePath);","    var tagKey = String(startTag) + String(endTag);","    return {","      file: file,","      ext: ext,","      startTag: startTag,","      endTag: endTag,","      tagKey: tagKey","    };","  });","}","","function getTagRegExp(tag, sourceExt, opt, sourcePath) {","  tag = makeWhiteSpaceOptional(escapeStringRegexp(tag));","  tag = replaceVariables(tag, {","    name: opt.name,","    path: sourcePath,","    ext: sourceExt === '{{ANY}}' ? '.+' : sourceExt","  });","  return new RegExp(tag, 'ig');","}","","function replaceVariables(str, variables) {","  return Object.keys(variables).reduce(function (str, variable) {","    return str.replace(new RegExp(escapeStringRegexp(escapeStringRegexp('{{' + variable + '}}')), 'ig'), variables[variable] + '\\\\b');","  }, str);","}","","function makeWhiteSpaceOptional(str) {","  return str.replace(/\\s+/g, '\\\\s*');","}","","function getTagsToInject(files, target, opt) {","  return files.reduce(function transformFile(lines, file, i, files) {","    var filepath = getFilepath(file.file, target, opt);","    var transformedContents = opt.transform(filepath, file.file, i, files.length, target);","    if (typeof transformedContents !== 'string') {","      return lines;","    }","    return lines.concat(transformedContents);","  }, []);","}","","function log(message) {","  gutil.log(magenta(PLUGIN_NAME), message);","}","","function error(message) {","  return new PluginError(PLUGIN_NAME, message);","}",""],"l":{"2":1,"3":1,"4":1,"5":1,"6":1,"7":1,"8":1,"9":1,"10":1,"12":1,"13":1,"14":1,"15":1,"20":1,"21":1,"22":1,"24":1,"25":0,"26":0,"28":0,"29":0,"32":0,"33":0,"35":0,"36":0,"38":0,"39":0,"42":0,"43":0,"47":0,"48":0,"49":0,"50":0,"51":0,"52":0,"53":0,"56":0,"57":0,"60":0,"63":1,"64":0,"67":1,"68":0,"79":1,"80":0,"82":0,"83":0,"84":0,"86":0,"87":0,"88":0,"89":0,"92":0,"106":1,"107":0,"108":0,"109":0,"111":0,"114":0,"115":0,"116":0,"117":0,"118":0,"119":0,"120":0,"122":0,"123":0,"124":0,"125":0,"126":0,"127":0,"134":0,"137":0,"142":0,"144":0,"145":0,"146":0,"147":0,"149":0,"156":0,"161":0,"172":1,"173":0,"174":0,"175":0,"176":0,"188":0,"189":0,"190":0,"192":0,"193":0,"196":0,"197":0,"198":0,"199":0,"201":0,"203":0,"204":0,"208":0,"210":0,"211":0,"213":0,"217":0,"218":0,"220":0,"221":0,"223":0,"225":0,"227":0,"230":0,"233":1,"234":0,"237":1,"238":0,"239":0,"240":0,"241":0,"242":0,"243":0,"244":0,"254":1,"255":0,"256":0,"261":0,"264":1,"265":0,"266":0,"270":1,"271":0,"274":1,"275":0,"276":0,"277":0,"278":0,"279":0,"281":0,"285":1,"286":0,"289":1,"290":0}},"/home/travis/build/npmtest/node-npmtest-gulp-inject/gulp-inject/src/extname/index.js":{"path":"/home/travis/build/npmtest/node-npmtest-gulp-inject/gulp-inject/src/extname/index.js","s":{"1":1,"2":1,"3":0,"4":0},"b":{},"f":{"1":0},"fnMap":{"1":{"name":"extname","line":4,"loc":{"start":{"line":4,"column":27},"end":{"line":4,"column":50}}}},"statementMap":{"1":{"start":{"line":2,"column":0},"end":{"line":2,"column":27}},"2":{"start":{"line":4,"column":0},"end":{"line":7,"column":2}},"3":{"start":{"line":5,"column":2},"end":{"line":5,"column":28}},"4":{"start":{"line":6,"column":2},"end":{"line":6,"column":37}}},"branchMap":{},"code":["'use strict';","var path = require('path');","","module.exports = exports = function extname(file) {","  file = file.split('?')[0];","  return path.extname(file).slice(1);","};",""],"l":{"2":1,"4":1,"5":0,"6":0}},"/home/travis/build/npmtest/node-npmtest-gulp-inject/gulp-inject/src/transform/index.js":{"path":"/home/travis/build/npmtest/node-npmtest-gulp-inject/gulp-inject/src/transform/index.js","s":{"1":1,"2":1,"3":1,"4":1,"5":1,"6":0,"7":0,"8":0,"9":0,"10":0,"11":0,"12":0,"13":0,"14":0,"15":1,"16":1,"17":10,"18":0,"19":0,"20":0,"21":0,"22":0,"23":1,"24":0,"25":1,"26":0,"27":1,"28":1,"29":0,"30":1,"31":0,"32":1,"33":0,"34":1,"35":0,"36":1,"37":0,"38":1,"39":0,"40":1,"41":0,"42":1,"43":0,"44":1,"45":0,"46":1,"47":0,"48":1,"49":0,"50":1,"51":0,"52":1,"53":0,"54":1,"55":0,"56":1,"57":0,"58":1,"59":0,"60":1,"61":0,"62":1,"63":0,"64":1,"65":0,"66":1,"67":0,"68":1,"69":0,"70":1,"71":0,"72":1,"73":0,"74":1,"75":1,"76":1,"77":1,"78":1,"79":1,"80":0,"81":1,"82":0,"83":1,"84":0,"85":1,"86":0,"87":1,"88":0,"89":1,"90":0,"91":1,"92":1,"93":0,"94":1,"95":1,"96":1,"97":1,"98":1,"99":1,"100":7,"101":0,"102":0,"103":0,"104":0,"105":0,"106":1,"107":0,"108":1,"109":0,"110":0,"111":0,"112":0,"113":1,"114":0,"115":1,"116":0,"117":0,"118":0},"b":{"1":[0,0],"2":[0,0],"3":[0,0],"4":[0,0],"5":[0,0],"6":[0,0],"7":[0,0],"8":[0,0]},"f":{"1":0,"2":10,"3":0,"4":0,"5":0,"6":0,"7":0,"8":0,"9":0,"10":0,"11":0,"12":0,"13":0,"14":0,"15":0,"16":0,"17":0,"18":0,"19":0,"20":0,"21":0,"22":0,"23":0,"24":0,"25":0,"26":0,"27":0,"28":0,"29":0,"30":0,"31":0,"32":0,"33":0,"34":0,"35":0,"36":7,"37":0,"38":0,"39":0,"40":0,"41":0},"fnMap":{"1":{"name":"(anonymous_1)","line":14,"loc":{"start":{"line":14,"column":43},"end":{"line":14,"column":98}}},"2":{"name":"(anonymous_2)","line":38,"loc":{"start":{"line":38,"column":21},"end":{"line":38,"column":43}}},"3":{"name":"(anonymous_3)","line":39,"loc":{"start":{"line":39,"column":26},"end":{"line":39,"column":46}}},"4":{"name":"(anonymous_4)","line":49,"loc":{"start":{"line":49,"column":21},"end":{"line":49,"column":41}}},"5":{"name":"(anonymous_5)","line":53,"loc":{"start":{"line":53,"column":20},"end":{"line":53,"column":40}}},"6":{"name":"(anonymous_6)","line":58,"loc":{"start":{"line":58,"column":21},"end":{"line":58,"column":41}}},"7":{"name":"(anonymous_7)","line":62,"loc":
[...]
column":1}},"116":{"start":{"line":228,"column":2},"end":{"line":230,"column":3}},"117":{"start":{"line":229,"column":4},"end":{"line":229,"column":17}},"118":{"start":{"line":231,"column":2},"end":{"line":231,"column":41}}},"branchMap":{"1":{"line":16,"type":"if","locations":[{"start":{"line":16,"column":2},"end":{"line":16,"column":2}},{"start":{"line":16,"column":2},"end":{"line":16,"column":2}}]},"2":{"line":16,"type":"binary-expr","locations":[{"start":{"line":16,"column":6},"end":{"line":16,"column":16}},{"start":{"line":16,"column":20},"end":{"line":16,"column":35}}]},"3":{"line":20,"type":"if","locations":[{"start":{"line":20,"column":2},"end":{"line":20,"column":2}},{"start":{"line":20,"column":2},"end":{"line":20,"column":2}}]},"4":{"line":24,"type":"if","locations":[{"start":{"line":24,"column":2},"end":{"line":24,"column":2}},{"start":{"line":24,"column":2},"end":{"line":24,"column":2}}]},"5":{"line":43,"type":"if","locations":[{"start":{"line":43,"column":4},"end":{"line":43,"column":4}},{"start":{"line":43,"column":4},"end":{"line":43,"column":4}}]},"6":{"line":212,"type":"cond-expr","locations":[{"start":{"line":212,"column":36},"end":{"line":212,"column":41}},{"start":{"line":212,"column":44},"end":{"line":212,"column":47}}]},"7":{"line":217,"type":"if","locations":[{"start":{"line":217,"column":2},"end":{"line":217,"column":2}},{"start":{"line":217,"column":2},"end":{"line":217,"column":2}}]},"8":{"line":228,"type":"if","locations":[{"start":{"line":228,"column":2},"end":{"line":228,"column":2}},{"start":{"line":228,"column":2},"end":{"line":228,"column":2}}]}},"code":["'use strict';","var extname = require('../extname');","","/**"," * Constants"," */","var TARGET_TYPES = ['html', 'jade', 'pug', 'slm', 'slim', 'jsx', 'haml', 'less', 'sass', 'scss'];","var IMAGES = ['jpeg', 'jpg', 'png', 'gif'];","var DEFAULT_TARGET = TARGET_TYPES[0];","","/**"," * Transform module"," */","var transform = module.exports = exports = function (filepath, i, length, sourceFile, targetFile) {","  var type;","  if (targetFile && targetFile.path) {","    var ext = extname(targetFile.path);","    type = typeFromExt(ext);","  }","  if (!isTargetType(type)) {","    type = DEFAULT_TARGET;","  }","  var func = transform[type];","  if (func) {","    return func.apply(transform, arguments);","  }","};","","/**"," * Options"," */","","transform.selfClosingTag = false;","","/**"," * Transform functions"," */","TARGET_TYPES.forEach(function (targetType) {","  transform[targetType] = function (filepath) {","    var ext = extname(filepath);","    var type = typeFromExt(ext);","    var func = transform[targetType][type];","    if (func) {","      return func.apply(transform[targetType], arguments);","    }","  };","});","","transform.html.css = function (filepath) {","  return '<link rel=\"stylesheet\" href=\"' + filepath + '\"' + end();","};","","transform.html.js = function (filepath) {","  return '<script src=\"' + filepath + '\"></script>';","};","transform.html.map = transform.html.js;","","transform.html.jsx = function (filepath) {","  return '<script type=\"text/jsx\" src=\"' + filepath + '\"></script>';","};","","transform.html.html = function (filepath) {","  return '<link rel=\"import\" href=\"' + filepath + '\"' + end();","};","","transform.html.coffee = function (filepath) {","  return '<script type=\"text/coffeescript\" src=\"' + filepath + '\"></script>';","};","","transform.html.image = function (filepath) {","  return '<img src=\"' + filepath + '\"' + end();","};","","transform.jade.css = function (filepath) {","  return 'link(rel=\"stylesheet\", href=\"' + filepath + '\")';","};","","transform.jade.js = function (filepath) {","  return 'script(src=\"' + filepath + '\")';","};","","transform.jade.jsx = function (filepath) {","  return 'script(type=\"text/jsx\", src=\"' + filepath + '\")';","};","","transform.jade.jade = function (filepath) {","  return 'include ' + filepath;","};","","transform.jade.html = function (filepath) {","  return 'link(rel=\"import\", href=\"' + filepath + '\")';","};","","transform.jade.coffee = function (filepath) {","  return 'script(type=\"text/coffeescript\", src=\"' + filepath + '\")';","};","","transform.jade.image = function (filepath) {","  return 'img(src=\"' + filepath + '\")';","};","","transform.pug.css = function (filepath) {","  return 'link(rel=\"stylesheet\", href=\"' + filepath + '\")';","};","","transform.pug.js = function (filepath) {","  return 'script(src=\"' + filepath + '\")';","};","","transform.pug.jsx = function (filepath) {","  return 'script(type=\"text/jsx\", src=\"' + filepath + '\")';","};","","transform.pug.pug = function (filepath) {","  return 'include ' + filepath;","};","","transform.pug.html = function (filepath) {","  return 'link(rel=\"import\", href=\"' + filepath + '\")';","};","","transform.pug.coffee = function (filepath) {","  return 'script(type=\"text/coffeescript\", src=\"' + filepath + '\")';","};","","transform.pug.image = function (filepath) {","  return 'img(src=\"' + filepath + '\")';","};","","transform.slm.css = function (filepath) {","  return 'link rel=\"stylesheet\" href=\"' + filepath + '\"';","};","","transform.slm.js = function (filepath) {","  return 'script src=\"' + filepath + '\"';","};","","transform.slm.html = function (filepath) {","  return 'link rel=\"import\" href=\"' + filepath + '\"';","};","","transform.slm.coffee = function (filepath) {","  return 'script type=\"text/coffeescript\" src=\"' + filepath + '\"';","};","","transform.slm.image = function (filepath) {","  return 'img src=\"' + filepath + '\"';","};","","transform.slim.css = transform.slm.css;","","transform.slim.js = transform.slm.js;","","transform.slim.html = transform.slm.html;","","transform.slim.coffee = transform.slm.coffee;","","transform.slim.image = transform.slm.image;","","transform.haml.css = function (filepath) {","  return '%link{rel:\"stylesheet\", href:\"' + filepath + '\"}';","};","","transform.haml.js = function (filepath) {","  return '%script{src:\"' + filepath + '\"}';","};","","transform.haml.html = function (filepath) {","  return '%link{rel:\"import\", href:\"' + filepath + '\"}';","};","","transform.haml.coffee = function (filepath) {","  return '%script{type:\"text/coffeescript\", src:\"' + filepath + '\"}';","};","","transform.haml.image = function (filepath) {","  return '%img{src:\"' + filepath + '\"}';","};","","transform.less.less = function (filepath) {","  return '@import \"' + filepath + '\";';","};","","transform.less.css = transform.less.less;","","transform.sass.sass = function (filepath) {","  return '@import \"' + filepath + '\"';","};","","transform.sass.scss = transform.sass.sass;","transform.sass.css = transform.sass.sass;","","transform.scss.sass = transform.less.less;","transform.scss.scss = transform.scss.sass;","transform.scss.css = transform.scss.sass;","","/**"," * Transformations for jsx is like html"," * but always with self closing tags, invalid jsx otherwise"," */","Object.keys(transform.html).forEach(function (type) {","  transform.jsx[type] = function () {","    var originalOption = transform.selfClosingTag;","    transform.selfClosingTag = true;","    var result = transform.html[type].apply(transform.html, arguments);","    transform.selfClosingTag = originalOption;","    return result;","  };","});","","function end() {","  return transform.selfClosingTag ? ' />' : '>';","}","","function typeFromExt(ext) {","  ext = ext.toLowerCase();","  if (isImage(ext)) {","    return 'image';","  }","  return ext;","}","","function isImage(ext) {","  return IMAGES.indexOf(ext) > -1;","}","","function isTargetType(type) {","  if (!type) {","    return false;","  }","  return TARGET_TYPES.indexOf(type) > -1;","}",""],"l":{"2":1,"7":1,"8":1,"9":1,"14":1,"15":0,"16":0,"17":0,"18":0,"20":0,"21":0,"23":0,"24":0,"25":0,"33":1,"38":1,"39":10,"40":0,"41":0,"42":0,"43":0,"44":0,"49":1,"50":0,"53":1,"54":0,"56":1,"58":1,"59":0,"62":1,"63":0,"66":1,"67":0,"70":1,"71":0,"74":1,"75":0,"78":1,"79":0,"82":1,"83":0,"86":1,"87":0,"90":1,"91":0,"94":1,"95":0,"98":1,"99":0,"102":1,"103":0,"106":1,"107":0,"110":1,"111":0,"114":1,"115":0,"118":1,"119":0,"122":1,"123":0,"126":1,"127":0,"130":1,"131":0,"134":1,"135":0,"138":1,"139":0,"142":1,"143":0,"146":1,"147":0,"150":1,"152":1,"154":1,"156":1,"158":1,"160":1,"161":0,"164":1,"165":0,"168":1,"169":0,"172":1,"173":0,"176":1,"177":0,"180":1,"181":0,"184":1,"186":1,"187":0,"190":1,"191":1,"193":1,"194":1,"195":1,"201":1,"202":7,"203":0,"204":0,"205":0,"206":0,"207":0,"211":1,"212":0,"215":1,"216":0,"217":0,"218":0,"220":0,"223":1,"224":0,"227":1,"228":0,"229":0,"231":0}},"/home/travis/build/npmtest/node-npmtest-gulp-inject/gulp-inject/src/tags/index.js":{"path":"/home/travis/build/npmtest/node-npmtest-gulp-inject/gulp-inject/src/tags/index.js","s":{"1":1,"2":1,"3":1,"4":0,"5":1,"6":0,"7":0,"8":0,"9":0,"10":0,"11":0},"b":{"1":[0,0],"2":[0,0],"3":[0,0]},"f":{"1":0,"2":0},"fnMap":{"1":{"name":"tags","line":33,"loc":{"start":{"line":33,"column":17},"end":{"line":33,"column":33}}},"2":{"name":"getTag","line":40,"loc":{"start":{"line":40,"column":0},"end":{"line":40,"column":62}}}},"statementMap":{"1":{"start":{"line":5,"column":0},"end":{"line":5,"column":28}},"2":{"start":{"line":6,"column":0},"end":{"line":31,"column":2}},"3":{"start":{"line":33,"column":0},"end":{"line":38,"column":2}},"4":{"start":{"line":34,"column":2},"end":{"line":37,"column":4}},"5":{"start":{"line":40,"column":0},"end":{"line":48,"column":1}},"6":{"start":{"line":41,"column":2},"end":{"line":41,"column":25}},"7":{"start":{"line":42,"column":2},"end":{"line":46,"column":3}},"8":{"start":{"line":43,"column":4},"end":{"line":43,"column":58}},"9":{"start":{"line":44,"column":9},"end":{"line":46,"column":3}},"10":{"start":{"line":45,"column":4},"end":{"line":45,"column":36}},"11":{"start":{"line":47,"column":2},"end":{"line":47,"column":13}}},"branchMap":{"1":{"line":42,"type":"if","locations":[{"start":{"line":42,"column":2},"end":{"line":42,"column":2}},{"start":{"line":42,"column":2},"end":{"line":42,"column":2}}]},"2":{"line":43,"type":"binary-expr","locations":[{"start":{"line":43,"column":10},"end":{"line":43,"column":29}},{"start":{"line":43,"column":33},"end":{"line":43,"column":57}}]},"3":{"line":44,"type":"if","locations":[{"start":{"line":44,"column":9},"end":{"line":44,"column":9}},{"start":{"line":44,"column":9},"end":{"line":44,"column":9}}]}},"code":["","/**"," * Constants"," */","var DEFAULT_TARGET = 'html';","var DEFAULTS = {","  STARTS: {","    html: '<!-- {{name}}:{{ext}} -->',","    jsx: '{/* {{name}}:{{ext}} */}',","    jade: '//- {{name}}:{{ext}}',","    pug: '//- {{name}}:{{ext}}',","    slm: '/ {{name}}:{{ext}}',","    slim: '/ {{name}}:{{ext}}',","    haml: '-# {{name}}:{{ext}}',","    less: '/* {{name}}:{{ext}} */',","    sass: '/* {{name}}:{{ext}} */',","    scss: '/* {{name}}:{{ext}} */'","  },","  ENDS: {","    html: '<!-- endinject -->',","    jsx: '{/* endinject */}',","    jade: '//- endinject',","    pug: '//- endinject',","    slm: '/ endinject',","    slim: '/ endinject',","    haml: '-# endinject',","    less: '/* endinject */',","    sass: '/* endinject */',","    scss: '/* endinject */'","  }","};","","module.exports = function tags() {","  return {","    start: getTag.bind(null, DEFAULTS.STARTS),","    end: getTag.bind(null, DEFAULTS.ENDS)","  };","};","","function getTag(defaults, targetExt, sourceExt, defaultValue) {","  var tag = defaultValue;","  if (!tag) {","    tag = defaults[targetExt] || defaults[DEFAULT_TARGET];","  } else if (typeof tag === 'function') {","    tag = tag(targetExt, sourceExt);","  }","  return tag;","}",""],"l":{"5":1,"6":1,"33":1,"34":0,"40":1,"41":0,"42":0,"43":0,"44":0,"45":0,"47":0}},"/home/travis/build/npmtest/node-npmtest-gulp-inject/gulp-inject/src/path/index.js":{"path":"/home/travis/build/npmtest/node-npmtest-gulp-inject/gulp-inject/src/path/index.js","s":{"1":1,"2":1,"3":1,"4":0,"5":0,"6":0,"7":0,"8":0,"9":0,"10":0,"11":0,"12":0,"13":0,"14":0,"15":0,"16":0,"17":0,"18":0,"19":1,"20":0,"21":1,"22":0,"23":1,"24":0,"25":1,"26":0,"27":1,"28":0,"29":1,"30":0,"31":0,"32":0,"33":0,"34":0,"35":0,"36":0,"37":0},"b":{"1":[0,0],"2":[0,0],"3":[0,0],"4":[0,0],"5":[0,0],"6":[0,0],"7":[0,0],"8":[0,0],"9":[0,0],"10":[0,0],"11":[0,0],"12":[0,0],"13":[0,0]},"f":{"1":0,"2":0,"3":0,"4":0,"5":0,"6":0,"7":0,"8":0},"fnMap":{"1":{"name":"getFilepath","line":5,"loc":{"start":{"line":5,"column":27},"end":{"line":5,"column":77}}},"2":{"name":"unixify","line":33,"loc":{"start":{"line":33,"column":0},"end":{"line":33,"column":27}}},"3":{"name":"addRootSlash","line":36,"loc":{"start":{"line":36,"column":0},"end":{"line":36,"column":32}}},"4":{"name":"removeRootSlash","line":39,"loc":{"start":{"line":39,"column":0},"end":{"line":39,"column":35}}},"5":{"name":"addPrefix","line":42,"loc":{"start":{"line":42,"column":0},"end":{"line":42,"column":37}}},"6":{"name":"addSuffix","line":45,"loc":{"start":{"line":45,"column":0},"end":{"line":45,"column":37}}},"7":{"name":"removeBasePath","line":49,"loc":{"start":{"line":49,"column":0},"end":{"line":49,"column":44}}},"8":{"name":"(anonymous_8)","line":50,"loc":{"start":{"line":50,"column":38},"end":{"line":50,"column":62}}}},"statementMap":{"1":{"start":{"line":2,"column":0},"end":{"line":2,"column":27}},"2":{"start":{"line":3,"column":0},"end":{"line":3,"column":31}},"3":{"start":{"line":5,"column":0},"end":{"line":31,"column":2}},"4":{"start":{"line":6,"column":2},"end":{"line":6,"column":18}},"5":{"start":{"line":7,"column":2},"end":{"line":7,"column":42}},"6":{"start":{"line":8,"column":2},"end":{"line":8,"column":121}},"7":{"start":{"line":10,"column":2},"end":{"line":10,"column":86}},"8":{"start":{"line":12,"column":2},"end":{"line":14,"column":3}},"9":{"start":{"line":13,"column":4},"end":{"line":13,"column":52}},"10":{"start":{"line":16,"column":2},"end":{"line":18,"column":3}},"11":{"start":{"line":17,"column":4},"end":{"line":17,"column":50}},"12":{"start":{"line":20,"column":2},"end":{"line":24,"column":3}},"13":{"start":{"line":21,"column":4},"end":{"line":21,"column":38}},"14":{"start":{"line":22,"column":9},"end":{"line":24,"column":3}},"15":{"start":{"line":23,"column":4},"end":{"line":23,"column":41}},"16":{"start":{"line":26,"column":2},"end":{"line":28,"column":3}},"17":{"start":{"line":27,"column":4},"end":{"line":27,"column":50}},"18":{"start":{"line":30,"column":2},"end":{"line":30,"column":18}},"19":{"start":{"line":33,"column":0},"end":{"line":35,"column":1}},"20":{"start":{"line":34,"column":2},"end":{"line":34,"column":38}},"21":{"start":{"line":36,"column":0},"end":{"line":38,"column":1}},"22":{"start":{"line":37,"column":2},"end":{"line":37,"column":48}},"23":{"start":{"line":39,"column":0},"end":{"line":41,"column":1}},"24":{"start":{"line":40,"column":2},"end":{"line":40,"column":38}},"25":{"start":{"line":42,"column":0},"end":{"line":44,"column":1}},"26":{"start":{"line":43,"column":2},"end":{"line":43,"column":41}},"27":{"start":{"line":45,"column":0},"end":{"line":47,"column":1}},"28":{"start":{"line":46,"column":2},"end":{"line":46,"column":27}},"29":{"start":{"line":49,"column":0},"end":{"line":62,"column":1}},"30":{"start":{"line":50,"column":2},"end":{"line":61,"column":15}},"31":{"start":{"line":51,"column":4},"end":{"line":53,"column":5}},"32":{"start":{"line":52,"column":6},"end":{"line":52,"column":28}},"33":{"start":{"line":54,"column":4},"end":{"line":56,"column":5}},"34":{"start":{"line":55,"column":6},"end":{"line":55,"column":24}},"35":{"start":{"line":57,"column":4},"end":{"line":59,"column":5}},"36":{"start":{"line":58,"column":6},"end":{"line":58,"column":39}},"37":{"start":{"line":60,"column":4},"end":{"line":60,"column":16}}},"branchMap":{"1":{"line":6,"type":"binary-expr","locations":[{"start":{"line":6,"column":8},"end":{"line":6,"column":11}},{"start":{"line":6,"column":15},"end":{"line":6,"column":17}}]},"2":{"line":8,"type":"cond-expr","locations":[{"start":{"line":8,"column":28},"end":{"line":8,"column":80}},{"start":{"line":8,"column":83},"end":{"line":8,"column":120}}]},"3":{"line":12,"type":"if","locations":[{"start":{"line":12,"column":2},"end":{"line":12,"column":2}},{"start":{"line":12,"column":2},"end":{"line":12,"column":2}}]},"4":{"line":16,"type":"if","locations":[{"start":{"line":16,"column":2},"end":{"line":16,"column":2}},{"start":{"line":16,"column":2},"end":{"line":16,"column":2}}]},"5":{"line":20,"type":"if","locations":[{"start":{"line":20,"column":2},"end":{"line":20,"column":2}},{"start":{"line":20,"column":2},"end":{"line":20,"column":2}}]},"6":{"line":22,"type":"if","locations":[{"start":{"line":22,"column":9},"end":{"line":22,"column":9}},{"start":{"line":22,"column":9},"end":{"line":22,"column":9}}]},"7":{"line":26,"type":"if","locations":[{"start":{"line":26,"column":2},"end":{"line":26,"column":2}},{"start":{"line":26,"column":2},"end":{"line":26,"column":2}}]},"8":{"line":51,"type":"if","locations":[{"start":{"line":51,"column":4},"end":{"line":51,"column":4}},{"start":{"line":51,"column":4},"end":{"line":51,"column":4}}]},"9":{"line":51,"type":"binary-expr","locations":[{"start":{"line":51,"column":8},"end":{"line":51,"column":23}},{"start":{"line":51,"column":27},"end":{"line":51,"column":44}}]},"10":{"line":54,"type":"if","locations":[{"start":{"line":54,"column":4},"end":{"line":54,"column":4}},{"start":{"line":54,"column":4},"end":{"line":54,"column":4}}]},"11":{"line":54,"type":"binary-expr","locations":[{"start":{"line":54,"column":8},"end":{"line":54,"column":23}},{"start":{"line":54,"column":27},"end":{"line":54,"column":44}}]},"12":{"line":57,"type":"if","locations":[{"start":{"line":57,"column":4},"end":{"line":57,"column":4}},{"start":{"line":57,"column":4},"end":{"line":57,"column":4}}]},"13":{"line":57,"type":"binary-expr","locations":[{"start":{"line":57,"column":8},"end":{"line":57,"column":14}},{"start":{"line":57,"column":18},"end":{"line":57,"column":44}}]}},"code":["'use strict';","var path = require('path');","var arrify = require('arrify');","","module.exports = exports = function getFilepath(sourceFile, targetFile, opt) {","  opt = opt || {};","  var ignorePath = arrify(opt.ignorePath);","  var base = opt.relative ? path.dirname(addRootSlash(unixify(targetFile.path))) : addRootSlash(unixify(sourceFile.cwd));","","  var filepath = unixify(path.relative(base, addRootSlash(unixify(sourceFile.path))));","","  if (ignorePath.length) {","    filepath = removeBasePath(ignorePath, filepath);","  }","","  if (opt.addPrefix) {","    filepath = addPrefix(filepath, opt.addPrefix);","  }","","  if (opt.addRootSlash) {","    filepath = addRootSlash(filepath);","  } else if (!opt.addPrefix) {","    filepath = removeRootSlash(filepath);","  }","","  if (opt.addSuffix) {","    filepath = addSuffix(filepath, opt.addSuffix);","  }","","  return filepath;","};","","function unixify(filepath) {","  return filepath.replace(/\\\\/g, '/');","}","function addRootSlash(filepath) {","  return filepath.replace(/^\\/*([^\\/])/, '/$1');","}","function removeRootSlash(filepath) {","  return filepath.replace(/^\\/+/, '');","}","function addPrefix(filepath, prefix) {","  return prefix + addRootSlash(filepath);","}","function addSuffix(filepath, suffix) {","  return filepath + suffix;","}","","function removeBasePath(basedirs, filepath) {","  return basedirs.map(unixify).reduce(function (path, remove) {","    if (path[0] === '/' && remove[0] !== '/') {","      remove = '/' + remove;","    }","    if (path[0] !== '/' && remove[0] === '/') {","      path = '/' + path;","    }","    if (remove && path.indexOf(remove) === 0) {","      return path.slice(remove.length);","    }","    return path;","  }, filepath);","}",""],"l":{"2":1,"3":1,"5":1,"6":0,"7":0,"8":0,"10":0,"12":0,"13":0,"16":0,"17":0,"20":0,"21":0,"22":0,"23":0,"26":0,"27":0,"30":0,"33":1,"34":0,"36":1,"37":0,"39":1,"40":0,"42":1,"43":0,"45":1,"46":0,"49":1,"50":0,"51":0,"52":0,"54":0,"55":0,"57":0,"58":0,"60":0}}}